[1 of 2] Compiling Main             ( /tmp/stack11324/gio-0.13.3.1/Setup.hs, /tmp/stack11324/gio-0.13.3.1/.stack-work/dist/x86_64-linux-nopie/Cabal-1.24.2.0/setup/Main.o )
[2 of 2] Compiling StackSetupShim   ( /home/bemcho/.stack/setup-exe-src/setup-shim-mPHDZzAJ.hs, /tmp/stack11324/gio-0.13.3.1/.stack-work/dist/x86_64-linux-nopie/Cabal-1.24.2.0/setup/StackSetupShim.o )
Linking /tmp/stack11324/gio-0.13.3.1/.stack-work/dist/x86_64-linux-nopie/Cabal-1.24.2.0/setup/setup ...
Configuring gio-0.13.3.1...
Building gio-0.13.3.1...
Preprocessing library gio-0.13.3.1...
[ 1 of 24] Compiling System.GIO.Types ( .stack-work/dist/x86_64-linux-nopie/Cabal-1.24.2.0/build/System/GIO/Types.hs, .stack-work/dist/x86_64-linux-nopie/Cabal-1.24.2.0/build/System/GIO/Types.o )
[ 2 of 24] Compiling System.GIO.Signals ( .stack-work/dist/x86_64-linux-nopie/Cabal-1.24.2.0/build/System/GIO/Signals.hs, .stack-work/dist/x86_64-linux-nopie/Cabal-1.24.2.0/build/System/GIO/Signals.o )
[ 3 of 24] Compiling System.GIO.Enums ( .stack-work/dist/x86_64-linux-nopie/Cabal-1.24.2.0/build/System/GIO/Enums.hs, .stack-work/dist/x86_64-linux-nopie/Cabal-1.24.2.0/build/System/GIO/Enums.o )
[ 4 of 24] Compiling System.GIO.File.AppInfo ( .stack-work/dist/x86_64-linux-nopie/Cabal-1.24.2.0/build/System/GIO/File/AppInfo.hs, .stack-work/dist/x86_64-linux-nopie/Cabal-1.24.2.0/build/System/GIO/File/AppInfo.o )
[ 5 of 24] Compiling System.GIO.File.ContentType ( .stack-work/dist/x86_64-linux-nopie/Cabal-1.24.2.0/build/System/GIO/File/ContentType.hs, .stack-work/dist/x86_64-linux-nopie/Cabal-1.24.2.0/build/System/GIO/File/ContentType.o )
[ 6 of 24] Compiling System.GIO.File.FileAttribute ( .stack-work/dist/x86_64-linux-nopie/Cabal-1.24.2.0/build/System/GIO/File/FileAttribute.hs, .stack-work/dist/x86_64-linux-nopie/Cabal-1.24.2.0/build/System/GIO/File/FileAttribute.o )
[ 7 of 24] Compiling System.GIO.File.FileInfo ( .stack-work/dist/x86_64-linux-nopie/Cabal-1.24.2.0/build/System/GIO/File/FileInfo.hs, .stack-work/dist/x86_64-linux-nopie/Cabal-1.24.2.0/build/System/GIO/File/FileInfo.o )
[ 8 of 24] Compiling System.GIO.File.FileMonitor ( .stack-work/dist/x86_64-linux-nopie/Cabal-1.24.2.0/build/System/GIO/File/FileMonitor.hs, .stack-work/dist/x86_64-linux-nopie/Cabal-1.24.2.0/build/System/GIO/File/FileMonitor.o )
[ 9 of 24] Compiling System.GIO.File.IOError ( .stack-work/dist/x86_64-linux-nopie/Cabal-1.24.2.0/build/System/GIO/File/IOError.hs, .stack-work/dist/x86_64-linux-nopie/Cabal-1.24.2.0/build/System/GIO/File/IOError.o )
[10 of 24] Compiling System.GIO.File.MountOperation ( .stack-work/dist/x86_64-linux-nopie/Cabal-1.24.2.0/build/System/GIO/File/MountOperation.hs, .stack-work/dist/x86_64-linux-nopie/Cabal-1.24.2.0/build/System/GIO/File/MountOperation.o )
[11 of 24] Compiling System.GIO.Icons.Emblem ( .stack-work/dist/x86_64-linux-nopie/Cabal-1.24.2.0/build/System/GIO/Icons/Emblem.hs, .stack-work/dist/x86_64-linux-nopie/Cabal-1.24.2.0/build/System/GIO/Icons/Emblem.o )
[12 of 24] Compiling System.GIO.Icons.EmblemedIcon ( .stack-work/dist/x86_64-linux-nopie/Cabal-1.24.2.0/build/System/GIO/Icons/EmblemedIcon.hs, .stack-work/dist/x86_64-linux-nopie/Cabal-1.24.2.0/build/System/GIO/Icons/EmblemedIcon.o )
[13 of 24] Compiling System.GIO.Icons.FileIcon ( .stack-work/dist/x86_64-linux-nopie/Cabal-1.24.2.0/build/System/GIO/Icons/FileIcon.hs, .stack-work/dist/x86_64-linux-nopie/Cabal-1.24.2.0/build/System/GIO/Icons/FileIcon.o )
[14 of 24] Compiling System.GIO.Icons.Icon ( .stack-work/dist/x86_64-linux-nopie/Cabal-1.24.2.0/build/System/GIO/Icons/Icon.hs, .stack-work/dist/x86_64-linux-nopie/Cabal-1.24.2.0/build/System/GIO/Icons/Icon.o )
[15 of 24] Compiling System.GIO.Icons.ThemedIcon ( .stack-work/dist/x86_64-linux-nopie/Cabal-1.24.2.0/build/System/GIO/Icons/ThemedIcon.hs, .stack-work/dist/x86_64-linux-nopie/Cabal-1.24.2.0/build/System/GIO/Icons/ThemedIcon.o )
[16 of 24] Compiling System.GIO.Volumes.VolumeMonitor ( .stack-work/dist/x86_64-linux-nopie/Cabal-1.24.2.0/build/System/GIO/Volumes/VolumeMonitor.hs, .stack-work/dist/x86_64-linux-nopie/Cabal-1.24.2.0/build/System/GIO/Volumes/VolumeMonitor.o )
[17 of 24] Compiling System.GIO.Async.Cancellable ( .stack-work/dist/x86_64-linux-nopie/Cabal-1.24.2.0/build/System/GIO/Async/Cancellable.hs, .stack-work/dist/x86_64-linux-nopie/Cabal-1.24.2.0/build/System/GIO/Async/Cancellable.o )
[18 of 24] Compiling System.GIO.Async.AsyncResult ( .stack-work/dist/x86_64-linux-nopie/Cabal-1.24.2.0/build/System/GIO/Async/AsyncResult.hs, .stack-work/dist/x86_64-linux-nopie/Cabal-1.24.2.0/build/System/GIO/Async/AsyncResult.o )
[19 of 24] Compiling System.GIO.File.File ( .stack-work/dist/x86_64-linux-nopie/Cabal-1.24.2.0/build/System/GIO/File/File.hs, .stack-work/dist/x86_64-linux-nopie/Cabal-1.24.2.0/build/System/GIO/File/File.o )
[20 of 24] Compiling System.GIO.File.FileEnumerator ( .stack-work/dist/x86_64-linux-nopie/Cabal-1.24.2.0/build/System/GIO/File/FileEnumerator.hs, .stack-work/dist/x86_64-linux-nopie/Cabal-1.24.2.0/build/System/GIO/File/FileEnumerator.o )
[21 of 24] Compiling System.GIO.Volumes.Drive ( .stack-work/dist/x86_64-linux-nopie/Cabal-1.24.2.0/build/System/GIO/Volumes/Drive.hs, .stack-work/dist/x86_64-linux-nopie/Cabal-1.24.2.0/build/System/GIO/Volumes/Drive.o )
[22 of 24] Compiling System.GIO.Volumes.Mount ( .stack-work/dist/x86_64-linux-nopie/Cabal-1.24.2.0/build/System/GIO/Volumes/Mount.hs, .stack-work/dist/x86_64-linux-nopie/Cabal-1.24.2.0/build/System/GIO/Volumes/Mount.o )
[23 of 24] Compiling System.GIO.Volumes.Volume ( .stack-work/dist/x86_64-linux-nopie/Cabal-1.24.2.0/build/System/GIO/Volumes/Volume.hs, .stack-work/dist/x86_64-linux-nopie/Cabal-1.24.2.0/build/System/GIO/Volumes/Volume.o )
[24 of 24] Compiling System.GIO       ( System/GIO.hs, .stack-work/dist/x86_64-linux-nopie/Cabal-1.24.2.0/build/System/GIO.o )
Running Haddock for gio-0.13.3.1...
Preprocessing library gio-0.13.3.1...
Haddock coverage:
   0% (  1 /246) in 'System.GIO.Types'
  Missing documentation for:
    OutputStream (./System/GIO/Types.chs:208)
    OutputStreamClass (./System/GIO/Types.chs:213)
    toOutputStream (./System/GIO/Types.chs:214)
    mkOutputStream (./System/GIO/Types.chs:210)
    unOutputStream (./System/GIO/Types.chs:211)
    castToOutputStream (./System/GIO/Types.chs:222)
    gTypeOutputStream (./System/GIO/Types.chs:225)
    FilterOutputStream (./System/GIO/Types.chs:231)
    FilterOutputStreamClass (./System/GIO/Types.chs:236)
    toFilterOutputStream (./System/GIO/Types.chs:237)
    mkFilterOutputStream (./System/GIO/Types.chs:233)
    unFilterOutputStream (./System/GIO/Types.chs:234)
    castToFilterOutputStream (./System/GIO/Types.chs:246)
    gTypeFilterOutputStream (./System/GIO/Types.chs:249)
    DataOutputStream (./System/GIO/Types.chs:255)
    DataOutputStreamClass (./System/GIO/Types.chs:260)
    toDataOutputStream (./System/GIO/Types.chs:261)
    mkDataOutputStream (./System/GIO/Types.chs:257)
    unDataOutputStream (./System/GIO/Types.chs:258)
    castToDataOutputStream (./System/GIO/Types.chs:271)
    gTypeDataOutputStream (./System/GIO/Types.chs:274)
    BufferedOutputStream (./System/GIO/Types.chs:280)
    BufferedOutputStreamClass (./System/GIO/Types.chs:285)
    toBufferedOutputStream (./System/GIO/Types.chs:286)
    mkBufferedOutputStream (./System/GIO/Types.chs:282)
    unBufferedOutputStream (./System/GIO/Types.chs:283)
    castToBufferedOutputStream (./System/GIO/Types.chs:296)
    gTypeBufferedOutputStream (./System/GIO/Types.chs:299)
    FileOutputStream (./System/GIO/Types.chs:305)
    FileOutputStreamClass (./System/GIO/Types.chs:310)
    toFileOutputStream (./System/GIO/Types.chs:311)
    mkFileOutputStream (./System/GIO/Types.chs:307)
    unFileOutputStream (./System/GIO/Types.chs:308)
    castToFileOutputStream (./System/GIO/Types.chs:320)
    gTypeFileOutputStream (./System/GIO/Types.chs:323)
    MemoryOutputStream (./System/GIO/Types.chs:329)
    MemoryOutputStreamClass (./System/GIO/Types.chs:334)
    toMemoryOutputStream (./System/GIO/Types.chs:335)
    mkMemoryOutputStream (./System/GIO/Types.chs:331)
    unMemoryOutputStream (./System/GIO/Types.chs:332)
    castToMemoryOutputStream (./System/GIO/Types.chs:344)
    gTypeMemoryOutputStream (./System/GIO/Types.chs:347)
    InputStream (./System/GIO/Types.chs:353)
    InputStreamClass (./System/GIO/Types.chs:358)
    toInputStream (./System/GIO/Types.chs:359)
    mkInputStream (./System/GIO/Types.chs:355)
    unInputStream (./System/GIO/Types.chs:356)
    castToInputStream (./System/GIO/Types.chs:367)
    gTypeInputStream (./System/GIO/Types.chs:370)
    MemoryInputStream (./System/GIO/Types.chs:376)
    MemoryInputStreamClass (./System/GIO/Types.chs:381)
    toMemoryInputStream (./System/GIO/Types.chs:382)
    mkMemoryInputStream (./System/GIO/Types.chs:378)
    unMemoryInputStream (./System/GIO/Types.chs:379)
    castToMemoryInputStream (./System/GIO/Types.chs:391)
    gTypeMemoryInputStream (./System/GIO/Types.chs:394)
    FilterInputStream (./System/GIO/Types.chs:400)
    FilterInputStreamClass (./System/GIO/Types.chs:405)
    toFilterInputStream (./System/GIO/Types.chs:406)
    mkFilterInputStream (./System/GIO/Types.chs:402)
    unFilterInputStream (./System/GIO/Types.chs:403)
    castToFilterInputStream (./System/GIO/Types.chs:415)
    gTypeFilterInputStream (./System/GIO/Types.chs:418)
    BufferedInputStream (./System/GIO/Types.chs:424)
    BufferedInputStreamClass (./System/GIO/Types.chs:429)
    toBufferedInputStream (./System/GIO/Types.chs:430)
    mkBufferedInputStream (./System/GIO/Types.chs:426)
    unBufferedInputStream (./System/GIO/Types.chs:427)
    castToBufferedInputStream (./System/GIO/Types.chs:440)
    gTypeBufferedInputStream (./System/GIO/Types.chs:443)
    DataInputStream (./System/GIO/Types.chs:449)
    DataInputStreamClass (./System/GIO/Types.chs:454)
    toDataInputStream (./System/GIO/Types.chs:455)
    mkDataInputStream (./System/GIO/Types.chs:451)
    unDataInputStream (./System/GIO/Types.chs:452)
    castToDataInputStream (./System/GIO/Types.chs:466)
    gTypeDataInputStream (./System/GIO/Types.chs:469)
    FileInputStream (./System/GIO/Types.chs:475)
    FileInputStreamClass (./System/GIO/Types.chs:480)
    toFileInputStream (./System/GIO/Types.chs:481)
    mkFileInputStream (./System/GIO/Types.chs:477)
    unFileInputStream (./System/GIO/Types.chs:478)
    castToFileInputStream (./System/GIO/Types.chs:490)
    gTypeFileInputStream (./System/GIO/Types.chs:493)
    FileMonitor (./System/GIO/Types.chs:499)
    FileMonitorClass (./System/GIO/Types.chs:504)
    toFileMonitor (./System/GIO/Types.chs:505)
    mkFileMonitor (./System/GIO/Types.chs:501)
    unFileMonitor (./System/GIO/Types.chs:502)
    castToFileMonitor (./System/GIO/Types.chs:513)
    gTypeFileMonitor (./System/GIO/Types.chs:516)
    Vfs (./System/GIO/Types.chs:522)
    VfsClass (./System/GIO/Types.chs:527)
    toVfs (./System/GIO/Types.chs:528)
    mkVfs (./System/GIO/Types.chs:524)
    unVfs (./System/GIO/Types.chs:525)
    castToVfs (./System/GIO/Types.chs:536)
    gTypeVfs (./System/GIO/Types.chs:539)
    MountOperation (./System/GIO/Types.chs:545)
    MountOperationClass (./System/GIO/Types.chs:550)
    toMountOperation (./System/GIO/Types.chs:551)
    mkMountOperation (./System/GIO/Types.chs:547)
    unMountOperation (./System/GIO/Types.chs:548)
    castToMountOperation (./System/GIO/Types.chs:559)
    gTypeMountOperation (./System/GIO/Types.chs:562)
    ThemedIcon (./System/GIO/Types.chs:568)
    ThemedIconClass (./System/GIO/Types.chs:573)
    toThemedIcon (./System/GIO/Types.chs:574)
    mkThemedIcon (./System/GIO/Types.chs:570)
    unThemedIcon (./System/GIO/Types.chs:571)
    castToThemedIcon (./System/GIO/Types.chs:582)
    gTypeThemedIcon (./System/GIO/Types.chs:585)
    Emblem (./System/GIO/Types.chs:591)
    EmblemClass (./System/GIO/Types.chs:596)
    toEmblem (./System/GIO/Types.chs:597)
    mkEmblem (./System/GIO/Types.chs:593)
    unEmblem (./System/GIO/Types.chs:594)
    castToEmblem (./System/GIO/Types.chs:605)
    gTypeEmblem (./System/GIO/Types.chs:608)
    EmblemedIcon (./System/GIO/Types.chs:614)
    EmblemedIconClass (./System/GIO/Types.chs:619)
    toEmblemedIcon (./System/GIO/Types.chs:620)
    mkEmblemedIcon (./System/GIO/Types.chs:616)
    unEmblemedIcon (./System/GIO/Types.chs:617)
    castToEmblemedIcon (./System/GIO/Types.chs:628)
    gTypeEmblemedIcon (./System/GIO/Types.chs:631)
    FileEnumerator (./System/GIO/Types.chs:637)
    FileEnumeratorClass (./System/GIO/Types.chs:642)
    toFileEnumerator (./System/GIO/Types.chs:643)
    mkFileEnumerator (./System/GIO/Types.chs:639)
    unFileEnumerator (./System/GIO/Types.chs:640)
    castToFileEnumerator (./System/GIO/Types.chs:651)
    gTypeFileEnumerator (./System/GIO/Types.chs:654)
    FilenameCompleter (./System/GIO/Types.chs:660)
    FilenameCompleterClass (./System/GIO/Types.chs:665)
    toFilenameCompleter (./System/GIO/Types.chs:666)
    mkFilenameCompleter (./System/GIO/Types.chs:662)
    unFilenameCompleter (./System/GIO/Types.chs:663)
    castToFilenameCompleter (./System/GIO/Types.chs:674)
    gTypeFilenameCompleter (./System/GIO/Types.chs:677)
    FileIcon (./System/GIO/Types.chs:683)
    FileIconClass (./System/GIO/Types.chs:688)
    toFileIcon (./System/GIO/Types.chs:689)
    mkFileIcon (./System/GIO/Types.chs:685)
    unFileIcon (./System/GIO/Types.chs:686)
    castToFileIcon (./System/GIO/Types.chs:697)
    gTypeFileIcon (./System/GIO/Types.chs:700)
    VolumeMonitor (./System/GIO/Types.chs:706)
    VolumeMonitorClass (./System/GIO/Types.chs:711)
    toVolumeMonitor (./System/GIO/Types.chs:712)
    mkVolumeMonitor (./System/GIO/Types.chs:708)
    unVolumeMonitor (./System/GIO/Types.chs:709)
    castToVolumeMonitor (./System/GIO/Types.chs:720)
    gTypeVolumeMonitor (./System/GIO/Types.chs:723)
    Cancellable (./System/GIO/Types.chs:729)
    CancellableClass (./System/GIO/Types.chs:734)
    toCancellable (./System/GIO/Types.chs:735)
    mkCancellable (./System/GIO/Types.chs:731)
    unCancellable (./System/GIO/Types.chs:732)
    castToCancellable (./System/GIO/Types.chs:743)
    gTypeCancellable (./System/GIO/Types.chs:746)
    SimpleAsyncResult (./System/GIO/Types.chs:752)
    SimpleAsyncResultClass (./System/GIO/Types.chs:757)
    toSimpleAsyncResult (./System/GIO/Types.chs:758)
    mkSimpleAsyncResult (./System/GIO/Types.chs:754)
    unSimpleAsyncResult (./System/GIO/Types.chs:755)
    castToSimpleAsyncResult (./System/GIO/Types.chs:766)
    gTypeSimpleAsyncResult (./System/GIO/Types.chs:769)
    FileInfo (./System/GIO/Types.chs:775)
    FileInfoClass (./System/GIO/Types.chs:780)
    toFileInfo (./System/GIO/Types.chs:781)
    mkFileInfo (./System/GIO/Types.chs:777)
    unFileInfo (./System/GIO/Types.chs:778)
    castToFileInfo (./System/GIO/Types.chs:789)
    gTypeFileInfo (./System/GIO/Types.chs:792)
    AppLaunchContext (./System/GIO/Types.chs:798)
    AppLaunchContextClass (./System/GIO/Types.chs:803)
    toAppLaunchContext (./System/GIO/Types.chs:804)
    mkAppLaunchContext (./System/GIO/Types.chs:800)
    unAppLaunchContext (./System/GIO/Types.chs:801)
    castToAppLaunchContext (./System/GIO/Types.chs:813)
    gTypeAppLaunchContext (./System/GIO/Types.chs:816)
    Icon (./System/GIO/Types.chs:822)
    IconClass (./System/GIO/Types.chs:827)
    toIcon (./System/GIO/Types.chs:828)
    mkIcon (./System/GIO/Types.chs:824)
    unIcon (./System/GIO/Types.chs:825)
    castToIcon (./System/GIO/Types.chs:836)
    gTypeIcon (./System/GIO/Types.chs:839)
    Seekable (./System/GIO/Types.chs:845)
    SeekableClass (./System/GIO/Types.chs:850)
    toSeekable (./System/GIO/Types.chs:851)
    mkSeekable (./System/GIO/Types.chs:847)
    unSeekable (./System/GIO/Types.chs:848)
    castToSeekable (./System/GIO/Types.chs:859)
    gTypeSeekable (./System/GIO/Types.chs:862)
    AppInfo (./System/GIO/Types.chs:868)
    AppInfoClass (./System/GIO/Types.chs:873)
    toAppInfo (./System/GIO/Types.chs:874)
    mkAppInfo (./System/GIO/Types.chs:870)
    unAppInfo (./System/GIO/Types.chs:871)
    castToAppInfo (./System/GIO/Types.chs:882)
    gTypeAppInfo (./System/GIO/Types.chs:885)
    Volume (./System/GIO/Types.chs:891)
    VolumeClass (./System/GIO/Types.chs:896)
    toVolume (./System/GIO/Types.chs:897)
    mkVolume (./System/GIO/Types.chs:893)
    unVolume (./System/GIO/Types.chs:894)
    castToVolume (./System/GIO/Types.chs:905)
    gTypeVolume (./System/GIO/Types.chs:908)
    AsyncResult (./System/GIO/Types.chs:914)
    AsyncResultClass (./System/GIO/Types.chs:919)
    toAsyncResult (./System/GIO/Types.chs:920)
    mkAsyncResult (./System/GIO/Types.chs:916)
    unAsyncResult (./System/GIO/Types.chs:917)
    castToAsyncResult (./System/GIO/Types.chs:928)
    gTypeAsyncResult (./System/GIO/Types.chs:931)
    LoadableIcon (./System/GIO/Types.chs:937)
    LoadableIconClass (./System/GIO/Types.chs:942)
    toLoadableIcon (./System/GIO/Types.chs:943)
    mkLoadableIcon (./System/GIO/Types.chs:939)
    unLoadableIcon (./System/GIO/Types.chs:940)
    castToLoadableIcon (./System/GIO/Types.chs:951)
    gTypeLoadableIcon (./System/GIO/Types.chs:954)
    Drive (./System/GIO/Types.chs:960)
    DriveClass (./System/GIO/Types.chs:965)
    toDrive (./System/GIO/Types.chs:966)
    mkDrive (./System/GIO/Types.chs:962)
    unDrive (./System/GIO/Types.chs:963)
    castToDrive (./System/GIO/Types.chs:974)
    gTypeDrive (./System/GIO/Types.chs:977)
    File (./System/GIO/Types.chs:983)
    FileClass (./System/GIO/Types.chs:988)
    toFile (./System/GIO/Types.chs:989)
    mkFile (./System/GIO/Types.chs:985)
    unFile (./System/GIO/Types.chs:986)
    castToFile (./System/GIO/Types.chs:997)
    gTypeFile (./System/GIO/Types.chs:1000)
    Mount (./System/GIO/Types.chs:1006)
    MountClass (./System/GIO/Types.chs:1011)
    toMount (./System/GIO/Types.chs:1012)
    mkMount (./System/GIO/Types.chs:1008)
    unMount (./System/GIO/Types.chs:1009)
    castToMount (./System/GIO/Types.chs:1020)
    gTypeMount (./System/GIO/Types.chs:1023)
  12% (  1 /  8) in 'System.GIO.Signals'
  Missing documentation for:
    Module header
    connect_NONE__NONE (./System/GIO/Signals.chs:70)
    connect_GLIBSTRING_GLIBSTRING_GLIBSTRING_ENUM__NONE (./System/GIO/Signals.chs:82)
    connect_OBJECT_OBJECT_ENUM__NONE (./System/GIO/Signals.chs:97)
    connect_ENUM__NONE (./System/GIO/Signals.chs:111)
    connect_OBJECT__NONE (./System/GIO/Signals.chs:123)
    connect_MOBJECT_MOBJECT_ENUM__NONE (./System/GIO/Signals.chs:136)
  81% ( 17 / 21) in 'System.GIO.Enums'
  Missing documentation for:
    FileCreateFlags (./System/GIO/Enums.chs:78)
    FilesystemPreviewType (./System/GIO/Enums.chs:91)
    AskPasswordFlags (./System/GIO/Enums.chs:105)
    MountOperationResult (./System/GIO/Enums.chs:113)
  91% ( 39 / 43) in 'System.GIO.File.AppInfo'
  Missing documentation for:
    AppInfo (./System/GIO/Types.chs:868)
    AppInfoClass (./System/GIO/Types.chs:873)
    AppLaunchContext (./System/GIO/Types.chs:798)
    AppLaunchContextClass (./System/GIO/Types.chs:803)
 100% ( 15 / 15) in 'System.GIO.File.ContentType'
   8% (  7 / 83) in 'System.GIO.File.FileAttribute'
  Missing documentation for:
    FileAttributeType (System/GIO/File/FileAttribute.hsc:155)
    FileAttributeInfo (System/GIO/File/FileAttribute.hsc:195)
    fileAttributeStandardType (System/GIO/File/FileAttribute.hsc:216)
    fileAttributeStandardIsHidden (System/GIO/File/FileAttribute.hsc:216)
    fileAttributeStandardIsBackup (System/GIO/File/FileAttribute.hsc:216)
    fileAttributeStandardIsSymlink (System/GIO/File/FileAttribute.hsc:216)
    fileAttributeStandardIsVirtual (System/GIO/File/FileAttribute.hsc:216)
    fileAttributeStandardName (System/GIO/File/FileAttribute.hsc:216)
    fileAttributeStandardDisplayName (System/GIO/File/FileAttribute.hsc:216)
    fileAttributeStandardEditName (System/GIO/File/FileAttribute.hsc:216)
    fileAttributeStandardCopyName (System/GIO/File/FileAttribute.hsc:216)
    fileAttributeStandardIcon (System/GIO/File/FileAttribute.hsc:216)
    fileAttributeStandardContentType (System/GIO/File/FileAttribute.hsc:216)
    fileAttributeStandardFastContentType (System/GIO/File/FileAttribute.hsc:216)
    fileAttributeStandardSize (System/GIO/File/FileAttribute.hsc:216)
    fileAttributeStandardAllocatedSize (System/GIO/File/FileAttribute.hsc:216)
    fileAttributeStandardSymlinkTarget (System/GIO/File/FileAttribute.hsc:216)
    fileAttributeStandardTargetURI (System/GIO/File/FileAttribute.hsc:216)
    fileAttributeStandardSortOrder (System/GIO/File/FileAttribute.hsc:216)
    fileAttributeEtagValue (System/GIO/File/FileAttribute.hsc:216)
    fileAttributeIDFile (System/GIO/File/FileAttribute.hsc:216)
    fileAttributeIDFilesystem (System/GIO/File/FileAttribute.hsc:216)
    fileAttributeAccessCanRead (System/GIO/File/FileAttribute.hsc:216)
    fileAttributeAccessCanWrite (System/GIO/File/FileAttribute.hsc:216)
    fileAttributeAccessCanExecute (System/GIO/File/FileAttribute.hsc:216)
    fileAttributeAccessCanDelete (System/GIO/File/FileAttribute.hsc:216)
    fileAttributeAccessCanTrash (System/GIO/File/FileAttribute.hsc:216)
    fileAttributeAccessCanRename (System/GIO/File/FileAttribute.hsc:216)
    fileAttributeMountableCanMount (System/GIO/File/FileAttribute.hsc:216)
    fileAttributeMountableCanUnmount (System/GIO/File/FileAttribute.hsc:216)
    fileAttributeMountableCanEject (System/GIO/File/FileAttribute.hsc:216)
    fileAttributeMountableUnixDevice (System/GIO/File/FileAttribute.hsc:216)
    fileAttributeMountableUnixDeviceFile (System/GIO/File/FileAttribute.hsc:216)
    fileAttributeMountableCanStart (System/GIO/File/FileAttribute.hsc:216)
    fileAttributeMountableCanDegraded (System/GIO/File/FileAttribute.hsc:216)
    fileAttributeMountableCanStop (System/GIO/File/FileAttribute.hsc:216)
    fileAttributeMountableStartStopType (System/GIO/File/FileAttribute.hsc:216)
    fileAttributeMountableCanPoll (System/GIO/File/FileAttribute.hsc:216)
    fileAttributeMountableHalUDI (System/GIO/File/FileAttribute.hsc:216)
    fileAttributeTimeModified (System/GIO/File/FileAttribute.hsc:216)
    fileAttributeTimeModifiedUSec (System/GIO/File/FileAttribute.hsc:216)
    fileAttributeTimeAccess (System/GIO/File/FileAttribute.hsc:216)
    fileAttributeTimeAccessUSec (System/GIO/File/FileAttribute.hsc:216)
    fileAttributeTimeChanged (System/GIO/File/FileAttribute.hsc:216)
    fileAttributeTimeChangedUSec (System/GIO/File/FileAttribute.hsc:216)
    fileAttributeTimeCreated (System/GIO/File/FileAttribute.hsc:216)
    fileAttributeTimeCreatedUSec (System/GIO/File/FileAttribute.hsc:216)
    fileAttributeUnixDevice (System/GIO/File/FileAttribute.hsc:216)
    fileAttributeUnixInode (System/GIO/File/FileAttribute.hsc:216)
    fileAttributeUnixMode (System/GIO/File/FileAttribute.hsc:216)
    fileAttributeUnixNLink (System/GIO/File/FileAttribute.hsc:216)
    fileAttributeUnixUID (System/GIO/File/FileAttribute.hsc:216)
    fileAttributeUnixGID (System/GIO/File/FileAttribute.hsc:216)
    fileAttributeUnixRDev (System/GIO/File/FileAttribute.hsc:216)
    fileAttributeUnixBlockSize (System/GIO/File/FileAttribute.hsc:216)
    fileAttributeUnixBlocks (System/GIO/File/FileAttribute.hsc:216)
    fileAttributeDosIsMountpoint (System/GIO/File/FileAttribute.hsc:216)
    fileAttributeDosIsArchive (System/GIO/File/FileAttribute.hsc:216)
    fileAttributeDosIsSystem (System/GIO/File/FileAttribute.hsc:216)
    fileAttributeOwnerUser (System/GIO/File/FileAttribute.hsc:216)
    fileAttributeOwnerUserReal (System/GIO/File/FileAttribute.hsc:216)
    fileAttributeOwnerGroup (System/GIO/File/FileAttribute.hsc:216)
    fileAttributeThumbnailPath (System/GIO/File/FileAttribute.hsc:216)
    fileAttributeThumbnailingFailed (System/GIO/File/FileAttribute.hsc:216)
    fileAttributePreviewIcon (System/GIO/File/FileAttribute.hsc:216)
    fileAttributeFilesystemSize (System/GIO/File/FileAttribute.hsc:216)
    fileAttributeFilesystemFree (System/GIO/File/FileAttribute.hsc:216)
    fileAttributeFilesystemType (System/GIO/File/FileAttribute.hsc:216)
    fileAttributeFilesystemReadonly (System/GIO/File/FileAttribute.hsc:216)
    fileAttributeGVfsBackend (System/GIO/File/FileAttribute.hsc:216)
    fileAttributeSELinuxContext (System/GIO/File/FileAttribute.hsc:216)
    fileAttributeTrashItemCount (System/GIO/File/FileAttribute.hsc:216)
    fileAttributeFilesystemUsePreview (System/GIO/File/FileAttribute.hsc:216)
    fileAttributeStandardDescription (System/GIO/File/FileAttribute.hsc:216)
    fileAttributeTrashOrigPath (System/GIO/File/FileAttribute.hsc:216)
    fileAttributeTrashDeletionDate (System/GIO/File/FileAttribute.hsc:216)
  97% ( 63 / 65) in 'System.GIO.File.FileInfo'
  Missing documentation for:
    FileInfo (./System/GIO/Types.chs:775)
    FileInfoClass (./System/GIO/Types.chs:780)
  81% ( 13 / 16) in 'System.GIO.File.FileMonitor'
  Missing documentation for:
    FileMonitor (./System/GIO/Types.chs:499)
    FileMonitorClass (./System/GIO/Types.chs:504)
    fileMonitorChanged (./System/GIO/File/FileMonitor.chs:107)
 100% (  7 /  7) in 'System.GIO.File.IOError'
  83% ( 20 / 24) in 'System.GIO.File.MountOperation'
  Missing documentation for:
    MountOperation (./System/GIO/Types.chs:545)
    MountOperationClass (./System/GIO/Types.chs:550)
    MountOperationResult (./System/GIO/Enums.chs:113)
    AskPasswordFlags (./System/GIO/Enums.chs:105)
  85% ( 11 / 13) in 'System.GIO.Icons.Emblem'
  Missing documentation for:
    Emblem (./System/GIO/Types.chs:591)
    EmblemClass (./System/GIO/Types.chs:596)
  82% (  9 / 11) in 'System.GIO.Icons.EmblemedIcon'
  Missing documentation for:
    EmblemedIcon (./System/GIO/Types.chs:614)
    EmblemedIconClass (./System/GIO/Types.chs:619)
  78% (  7 /  9) in 'System.GIO.Icons.FileIcon'
  Missing documentation for:
    FileIcon (./System/GIO/Types.chs:683)
    FileIconClass (./System/GIO/Types.chs:688)
  80% (  8 / 10) in 'System.GIO.Icons.Icon'
  Missing documentation for:
    Icon (./System/GIO/Types.chs:822)
    IconClass (./System/GIO/Types.chs:827)
  83% ( 10 / 12) in 'System.GIO.Icons.ThemedIcon'
  Missing documentation for:
    ThemedIcon (./System/GIO/Types.chs:568)
    ThemedIconClass (./System/GIO/Types.chs:573)
  92% ( 24 / 26) in 'System.GIO.Volumes.VolumeMonitor'
  Missing documentation for:
    VolumeMonitor (./System/GIO/Types.chs:706)
    VolumeMonitorClass (./System/GIO/Types.chs:711)
  88% ( 15 / 17) in 'System.GIO.Async.Cancellable'
  Missing documentation for:
    Cancellable (./System/GIO/Types.chs:729)
    CancellableClass (./System/GIO/Types.chs:734)
  43% (  3 /  7) in 'System.GIO.Async.AsyncResult'
  Missing documentation for:
    AsyncResult (./System/GIO/Types.chs:914)
    AsyncResultClass (./System/GIO/Types.chs:919)
    AsyncReadyCallback (./System/GIO/Async/AsyncResult.chs:45)
    marshalAsyncReadyCallback (./System/GIO/Async/AsyncResult.chs:52)
  77% ( 99 /129) in 'System.GIO.File.File'
  Missing documentation for:
    File (./System/GIO/Types.chs:983)
    FileClass (./System/GIO/Types.chs:988)
    FileProgressCallback (./System/GIO/File/File.chs:255)
    FileReadMoreCallback (./System/GIO/File/File.chs:267)
    Offset (./System/GIO/File/File.chs:251)
    FileInputStream (./System/GIO/Types.chs:475)
    FileInputStreamClass (./System/GIO/Types.chs:480)
    FileOutputStream (./System/GIO/Types.chs:305)
    FileOutputStreamClass (./System/GIO/Types.chs:310)
    InputStream (./System/GIO/Types.chs:353)
    InputStreamClass (./System/GIO/Types.chs:358)
    OutputStream (./System/GIO/Types.chs:208)
    OutputStreamClass (./System/GIO/Types.chs:213)
    BufferedInputStream (./System/GIO/Types.chs:424)
    BufferedInputStreamClass (./System/GIO/Types.chs:429)
    BufferedOutputStream (./System/GIO/Types.chs:280)
    BufferedOutputStreamClass (./System/GIO/Types.chs:285)
    MemoryInputStream (./System/GIO/Types.chs:376)
    MemoryInputStreamClass (./System/GIO/Types.chs:381)
    MemoryOutputStream (./System/GIO/Types.chs:329)
    MemoryOutputStreamClass (./System/GIO/Types.chs:334)
    FilterInputStream (./System/GIO/Types.chs:400)
    FilterInputStreamClass (./System/GIO/Types.chs:405)
    FilterOutputStream (./System/GIO/Types.chs:231)
    FilterOutputStreamClass (./System/GIO/Types.chs:236)
    DataInputStream (./System/GIO/Types.chs:449)
    DataInputStreamClass (./System/GIO/Types.chs:454)
    DataOutputStream (./System/GIO/Types.chs:255)
    DataOutputStreamClass (./System/GIO/Types.chs:260)
    FileCreateFlags (./System/GIO/Enums.chs:78)
  88% ( 14 / 16) in 'System.GIO.File.FileEnumerator'
  Missing documentation for:
    FileEnumerator (./System/GIO/Types.chs:637)
    FileEnumeratorClass (./System/GIO/Types.chs:642)
  94% ( 34 / 36) in 'System.GIO.Volumes.Drive'
  Missing documentation for:
    Drive (./System/GIO/Types.chs:960)
    DriveClass (./System/GIO/Types.chs:965)
  94% ( 30 / 32) in 'System.GIO.Volumes.Mount'
  Missing documentation for:
    Mount (./System/GIO/Types.chs:1006)
    MountClass (./System/GIO/Types.chs:1011)
  92% ( 23 / 25) in 'System.GIO.Volumes.Volume'
  Missing documentation for:
    Volume (./System/GIO/Types.chs:891)
    VolumeClass (./System/GIO/Types.chs:896)
 100% ( 20 / 20) in 'System.GIO'
Warning: System.GIO.Async.AsyncResult: could not find link destinations for:
    GAsyncReadyCallback
Warning: System.GIO.Volumes.Drive: could not find link destinations for:
    drivePollForMediaFinish
Documentation created:
.stack-work/dist/x86_64-linux-nopie/Cabal-1.24.2.0/doc/html/gio/index.html
Installing library in
/home/bemcho/.stack/snapshots/x86_64-linux-nopie/lts-9.6/8.0.2/lib/x86_64-linux-ghc-8.0.2/gio-0.13.3.1-KNnecDbQFKE9bgLPI9mWdH
Registering gio-0.13.3.1...
