[1 of 2] Compiling Main             ( /tmp/stack11324/glib-0.13.4.1/Setup.hs, /tmp/stack11324/glib-0.13.4.1/.stack-work/dist/x86_64-linux-nopie/Cabal-1.24.2.0/setup/Main.o )
[2 of 2] Compiling StackSetupShim   ( /home/bemcho/.stack/setup-exe-src/setup-shim-mPHDZzAJ.hs, /tmp/stack11324/glib-0.13.4.1/.stack-work/dist/x86_64-linux-nopie/Cabal-1.24.2.0/setup/StackSetupShim.o )
Linking /tmp/stack11324/glib-0.13.4.1/.stack-work/dist/x86_64-linux-nopie/Cabal-1.24.2.0/setup/setup ...
Configuring glib-0.13.4.1...
Building glib-0.13.4.1...
Preprocessing library glib-0.13.4.1...
[ 1 of 21] Compiling System.Glib.GList ( .stack-work/dist/x86_64-linux-nopie/Cabal-1.24.2.0/build/System/Glib/GList.hs, .stack-work/dist/x86_64-linux-nopie/Cabal-1.24.2.0/build/System/Glib/GList.o )
[ 2 of 21] Compiling System.Glib.Flags ( System/Glib/Flags.hs, .stack-work/dist/x86_64-linux-nopie/Cabal-1.24.2.0/build/System/Glib/Flags.o )
[ 3 of 21] Compiling System.Glib.FFI  ( System/Glib/FFI.hs, .stack-work/dist/x86_64-linux-nopie/Cabal-1.24.2.0/build/System/Glib/FFI.o )
[ 4 of 21] Compiling System.Glib.GString ( .stack-work/dist/x86_64-linux-nopie/Cabal-1.24.2.0/build/System/Glib/GString.hs, .stack-work/dist/x86_64-linux-nopie/Cabal-1.24.2.0/build/System/Glib/GString.o )
[ 5 of 21] Compiling System.Glib.GType ( .stack-work/dist/x86_64-linux-nopie/Cabal-1.24.2.0/build/System/Glib/GType.hs, .stack-work/dist/x86_64-linux-nopie/Cabal-1.24.2.0/build/System/Glib/GType.o )
[ 6 of 21] Compiling System.Glib.GTypeConstants ( .stack-work/dist/x86_64-linux-nopie/Cabal-1.24.2.0/build/System/Glib/GTypeConstants.hs, .stack-work/dist/x86_64-linux-nopie/Cabal-1.24.2.0/build/System/Glib/GTypeConstants.o )
[ 7 of 21] Compiling System.Glib.GValue ( .stack-work/dist/x86_64-linux-nopie/Cabal-1.24.2.0/build/System/Glib/GValue.hs, .stack-work/dist/x86_64-linux-nopie/Cabal-1.24.2.0/build/System/Glib/GValue.o )
[ 8 of 21] Compiling System.Glib.GParameter ( .stack-work/dist/x86_64-linux-nopie/Cabal-1.24.2.0/build/System/Glib/GParameter.hs, .stack-work/dist/x86_64-linux-nopie/Cabal-1.24.2.0/build/System/Glib/GParameter.o )

System/Glib/GParameter.hsc:42:10: warning: [-Wmissing-methods]
    • No explicit implementation for
        either ‘peek’ or ‘peekElemOff’ or ‘peekByteOff’
    • In the instance declaration for ‘Storable GParameter’
[ 9 of 21] Compiling System.Glib.Types ( .stack-work/dist/x86_64-linux-nopie/Cabal-1.24.2.0/build/System/Glib/Types.hs, .stack-work/dist/x86_64-linux-nopie/Cabal-1.24.2.0/build/System/Glib/Types.o )
[10 of 21] Compiling System.Glib.UTFString ( System/Glib/UTFString.hs, .stack-work/dist/x86_64-linux-nopie/Cabal-1.24.2.0/build/System/Glib/UTFString.o )
[11 of 21] Compiling System.Glib.GDateTime ( .stack-work/dist/x86_64-linux-nopie/Cabal-1.24.2.0/build/System/Glib/GDateTime.hs, .stack-work/dist/x86_64-linux-nopie/Cabal-1.24.2.0/build/System/Glib/GDateTime.o )
[12 of 21] Compiling System.Glib.GError ( .stack-work/dist/x86_64-linux-nopie/Cabal-1.24.2.0/build/System/Glib/GError.hs, .stack-work/dist/x86_64-linux-nopie/Cabal-1.24.2.0/build/System/Glib/GError.o )
[13 of 21] Compiling System.Glib.Utils ( .stack-work/dist/x86_64-linux-nopie/Cabal-1.24.2.0/build/System/Glib/Utils.hs, .stack-work/dist/x86_64-linux-nopie/Cabal-1.24.2.0/build/System/Glib/Utils.o )
[14 of 21] Compiling System.Glib.Attributes ( System/Glib/Attributes.hs, .stack-work/dist/x86_64-linux-nopie/Cabal-1.24.2.0/build/System/Glib/Attributes.o )
[15 of 21] Compiling System.Glib.GObject ( .stack-work/dist/x86_64-linux-nopie/Cabal-1.24.2.0/build/System/Glib/GObject.hs, .stack-work/dist/x86_64-linux-nopie/Cabal-1.24.2.0/build/System/Glib/GObject.o )
[16 of 21] Compiling System.Glib.GValueTypes ( .stack-work/dist/x86_64-linux-nopie/Cabal-1.24.2.0/build/System/Glib/GValueTypes.hs, .stack-work/dist/x86_64-linux-nopie/Cabal-1.24.2.0/build/System/Glib/GValueTypes.o )
[17 of 21] Compiling System.Glib.StoreValue ( .stack-work/dist/x86_64-linux-nopie/Cabal-1.24.2.0/build/System/Glib/StoreValue.hs, .stack-work/dist/x86_64-linux-nopie/Cabal-1.24.2.0/build/System/Glib/StoreValue.o )
[18 of 21] Compiling System.Glib.MainLoop ( .stack-work/dist/x86_64-linux-nopie/Cabal-1.24.2.0/build/System/Glib/MainLoop.hs, .stack-work/dist/x86_64-linux-nopie/Cabal-1.24.2.0/build/System/Glib/MainLoop.o )
[19 of 21] Compiling System.Glib.Signals ( .stack-work/dist/x86_64-linux-nopie/Cabal-1.24.2.0/build/System/Glib/Signals.hs, .stack-work/dist/x86_64-linux-nopie/Cabal-1.24.2.0/build/System/Glib/Signals.o )
[20 of 21] Compiling System.Glib.Properties ( .stack-work/dist/x86_64-linux-nopie/Cabal-1.24.2.0/build/System/Glib/Properties.hs, .stack-work/dist/x86_64-linux-nopie/Cabal-1.24.2.0/build/System/Glib/Properties.o )
[21 of 21] Compiling System.Glib      ( System/Glib.hs, .stack-work/dist/x86_64-linux-nopie/Cabal-1.24.2.0/build/System/Glib.o )
Running Haddock for glib-0.13.4.1...
Preprocessing library glib-0.13.4.1...

System/Glib/GParameter.hsc:42:10: warning: [-Wmissing-methods]
    • No explicit implementation for
        either ‘peek’ or ‘peekElemOff’ or ‘peekByteOff’
    • In the instance declaration for ‘Storable GParameter’
Haddock coverage:
   8% (  1 / 12) in 'System.Glib.GList'
  Missing documentation for:
    GList (./System/Glib/GList.chs:50)
    readGList (./System/Glib/GList.chs:57)
    fromGList (./System/Glib/GList.chs:68)
    toGList (./System/Glib/GList.chs:117)
    withGList (./System/Glib/GList.chs:133)
    GSList (./System/Glib/GList.chs:51)
    readGSList (./System/Glib/GList.chs:82)
    fromGSList (./System/Glib/GList.chs:93)
    fromGSListRev (./System/Glib/GList.chs:104)
    toGSList (./System/Glib/GList.chs:125)
    withGSList (./System/Glib/GList.chs:138)
  25% (  1 /  4) in 'System.Glib.Flags'
  Missing documentation for:
    Flags (System/Glib/Flags.hs:36)
    fromFlags (System/Glib/Flags.hs:38)
    toFlags (System/Glib/Flags.hs:45)
  56% (  5 /  9) in 'System.Glib.FFI'
  Missing documentation for:
    nullForeignPtr (System/Glib/FFI.hs:65)
    maybeNull (System/Glib/FFI.hs:78)
    newForeignPtr (System/Glib/FFI.hs:58)
    withForeignPtrs (System/Glib/FFI.hs:70)
  20% (  1 /  5) in 'System.Glib.GString'
  Missing documentation for:
    GString (./System/Glib/GString.chs:42)
    readGString (./System/Glib/GString.chs:48)
    readGStringByteString (./System/Glib/GString.chs:58)
    fromGString (./System/Glib/GString.chs:68)
  75% (  3 /  4) in 'System.Glib.GType'
  Missing documentation for:
    GType (./System/Glib/GType.chs:38)
   6% (  1 / 18) in 'System.Glib.GTypeConstants'
  Missing documentation for:
    invalid (System/Glib/GTypeConstants.hsc:44)
    none (System/Glib/GTypeConstants.hsc:44)
    uint (System/Glib/GTypeConstants.hsc:44)
    int (System/Glib/GTypeConstants.hsc:44)
    uint64 (System/Glib/GTypeConstants.hsc:44)
    int64 (System/Glib/GTypeConstants.hsc:44)
    uchar (System/Glib/GTypeConstants.hsc:44)
    char (System/Glib/GTypeConstants.hsc:44)
    bool (System/Glib/GTypeConstants.hsc:44)
    enum (System/Glib/GTypeConstants.hsc:44)
    flags (System/Glib/GTypeConstants.hsc:44)
    pointer (System/Glib/GTypeConstants.hsc:44)
    float (System/Glib/GTypeConstants.hsc:44)
    double (System/Glib/GTypeConstants.hsc:44)
    string (System/Glib/GTypeConstants.hsc:44)
    object (System/Glib/GTypeConstants.hsc:44)
    boxed (System/Glib/GTypeConstants.hsc:44)
  80% (  4 /  5) in 'System.Glib.GValue'
  Missing documentation for:
    GValue (./System/Glib/GValue.chs:41)
  50% (  1 /  2) in 'System.Glib.GParameter'
  Missing documentation for:
    GParameter (System/Glib/GParameter.hsc:40)
  44% (  4 /  9) in 'System.Glib.Types'
  Missing documentation for:
    GObject (./System/Glib/Types.chs:44)
    GObjectClass (./System/Glib/Types.chs:49)
    mkGObject (./System/Glib/Types.chs:46)
    unGObject (./System/Glib/Types.chs:47)
    castToGObject (./System/Glib/Types.chs:59)
  45% ( 10 / 22) in 'System.Glib.UTFString'
  Missing documentation for:
    GlibString (System/Glib/UTFString.hs:71)
    ofsToUTF (System/Glib/UTFString.hs:242)
    ofsFromUTF (System/Glib/UTFString.hs:249)
    glibToString (System/Glib/UTFString.hs:157)
    stringToGlib (System/Glib/UTFString.hs:160)
    DefaultGlibString (System/Glib/UTFString.hs:256)
    GlibFilePath (System/Glib/UTFString.hs:258)
    withUTFFilePaths (System/Glib/UTFString.hs:266)
    withUTFFilePathArray (System/Glib/UTFString.hs:273)
    withUTFFilePathArray0 (System/Glib/UTFString.hs:278)
    peekUTFFilePathArray0 (System/Glib/UTFString.hs:283)
    readUTFFilePathArray0 (System/Glib/UTFString.hs:288)
   3% (  1 / 36) in 'System.Glib.GDateTime'
  Missing documentation for:
    GTimeValPart (./System/Glib/GDateTime.chs:72)
    GTimeVal (./System/Glib/GDateTime.chs:73)
    gGetCurrentTime (./System/Glib/GDateTime.chs:87)
    gUSleep (./System/Glib/GDateTime.chs:93)
    gTimeValAdd (./System/Glib/GDateTime.chs:98)
    gTimeValFromISO8601 (./System/Glib/GDateTime.chs:107)
    gTimeValToISO8601 (./System/Glib/GDateTime.chs:118)
    GDate (./System/Glib/GDateTime.chs:144)
    GDateDay (./System/Glib/GDateTime.chs:126)
    GDateMonth (./System/Glib/GDateTime.chs:132)
    GDateYear (./System/Glib/GDateTime.chs:137)
    GDateJulianDay (./System/Glib/GDateTime.chs:143)
    GDateWeekday (./System/Glib/GDateTime.chs:154)
    gDateValidJulian (./System/Glib/GDateTime.chs:159)
    gDateValidDMY (./System/Glib/GDateTime.chs:164)
    gDateNewJulian (./System/Glib/GDateTime.chs:173)
    gDateNewDMY (./System/Glib/GDateTime.chs:180)
    gDateSetDay (./System/Glib/GDateTime.chs:196)
    gDateSetMonth (./System/Glib/GDateTime.chs:207)
    gDateSetYear (./System/Glib/GDateTime.chs:218)
    gDateNewTimeVal (./System/Glib/GDateTime.chs:230)
    gDateParse (./System/Glib/GDateTime.chs:239)
    gDateAddDays (./System/Glib/GDateTime.chs:250)
    gDateSubtractDays (./System/Glib/GDateTime.chs:258)
    gDateAddMonths (./System/Glib/GDateTime.chs:266)
    gDateSubtractMonths (./System/Glib/GDateTime.chs:274)
    gDateAddYears (./System/Glib/GDateTime.chs:282)
    gDateSubtractYears (./System/Glib/GDateTime.chs:290)
    gDateDaysBetween (./System/Glib/GDateTime.chs:298)
    gDateCompare (./System/Glib/GDateTime.chs:306)
    gDateClamp (./System/Glib/GDateTime.chs:321)
    gDateDay (./System/Glib/GDateTime.chs:332)
    gDateMonth (./System/Glib/GDateTime.chs:337)
    gDateYear (./System/Glib/GDateTime.chs:342)
    gDateWeekday (./System/Glib/GDateTime.chs:347)
 100% ( 22 / 22) in 'System.Glib.GError'
 100% (  5 /  5) in 'System.Glib.Utils'
 100% ( 17 / 17) in 'System.Glib.Attributes'
  77% ( 24 / 31) in 'System.Glib.GObject'
  Missing documentation for:
    GObject (./System/Glib/Types.chs:44)
    GObjectClass (./System/Glib/Types.chs:49)
    mkGObject (./System/Glib/Types.chs:46)
    unGObject (./System/Glib/Types.chs:47)
    castToGObject (./System/Glib/Types.chs:59)
    DestroyNotify (./System/Glib/GObject.chs:129)
    Quark (./System/Glib/GObject.chs:168)
   3% (  1 / 35) in 'System.Glib.GValueTypes'
  Missing documentation for:
    valueSetUInt (./System/Glib/GValueTypes.chs:76)
    valueGetUInt (./System/Glib/GValueTypes.chs:80)
    valueSetInt (./System/Glib/GValueTypes.chs:85)
    valueGetInt (./System/Glib/GValueTypes.chs:89)
    valueSetUInt64 (./System/Glib/GValueTypes.chs:94)
    valueGetUInt64 (./System/Glib/GValueTypes.chs:98)
    valueSetInt64 (./System/Glib/GValueTypes.chs:103)
    valueGetInt64 (./System/Glib/GValueTypes.chs:107)
    valueSetBool (./System/Glib/GValueTypes.chs:112)
    valueGetBool (./System/Glib/GValueTypes.chs:116)
    valueSetPointer (./System/Glib/GValueTypes.chs:123)
    valueGetPointer (./System/Glib/GValueTypes.chs:127)
    valueSetFloat (./System/Glib/GValueTypes.chs:131)
    valueGetFloat (./System/Glib/GValueTypes.chs:135)
    valueSetDouble (./System/Glib/GValueTypes.chs:140)
    valueGetDouble (./System/Glib/GValueTypes.chs:144)
    valueSetEnum (./System/Glib/GValueTypes.chs:149)
    valueGetEnum (./System/Glib/GValueTypes.chs:153)
    valueSetFlags (./System/Glib/GValueTypes.chs:158)
    valueGetFlags (./System/Glib/GValueTypes.chs:162)
    valueSetString (./System/Glib/GValueTypes.chs:167)
    valueGetString (./System/Glib/GValueTypes.chs:172)
    valueSetMaybeString (./System/Glib/GValueTypes.chs:179)
    valueGetMaybeString (./System/Glib/GValueTypes.chs:187)
    valueSetFilePath (./System/Glib/GValueTypes.chs:192)
    valueGetFilePath (./System/Glib/GValueTypes.chs:197)
    valueSetMaybeFilePath (./System/Glib/GValueTypes.chs:204)
    valueGetMaybeFilePath (./System/Glib/GValueTypes.chs:212)
    valueSetBoxed (./System/Glib/GValueTypes.chs:217)
    valueGetBoxed (./System/Glib/GValueTypes.chs:222)
    valueSetGObject (./System/Glib/GValueTypes.chs:228)
    valueGetGObject (./System/Glib/GValueTypes.chs:235)
    valueSetMaybeGObject (./System/Glib/GValueTypes.chs:243)
    valueGetMaybeGObject (./System/Glib/GValueTypes.chs:248)
  40% (  2 /  5) in 'System.Glib.StoreValue'
  Missing documentation for:
    TMType (System/Glib/StoreValue.hsc:68)
    valueSetGenericValue (System/Glib/StoreValue.hsc:115)
    valueGetGenericValue (System/Glib/StoreValue.hsc:139)
  56% ( 18 / 32) in 'System.Glib.MainLoop'
  Missing documentation for:
    HandlerId (./System/Glib/MainLoop.chs:76)
    inputRemove (./System/Glib/MainLoop.chs:191)
    priorityLow (./System/Glib/MainLoop.chs:218)
    priorityDefaultIdle (./System/Glib/MainLoop.chs:215)
    priorityHighIdle (./System/Glib/MainLoop.chs:212)
    priorityDefault (./System/Glib/MainLoop.chs:209)
    priorityHigh (./System/Glib/MainLoop.chs:206)
    mainContextFindSourceById (./System/Glib/MainLoop.chs:302)
    Source (./System/Glib/MainLoop.chs:308)
    sourceAttach (./System/Glib/MainLoop.chs:316)
    sourceSetPriority (./System/Glib/MainLoop.chs:322)
    sourceGetPriority (./System/Glib/MainLoop.chs:328)
    sourceDestroy (./System/Glib/MainLoop.chs:333)
    sourceIsDestroyed (./System/Glib/MainLoop.chs:339)
  44% (  7 / 16) in 'System.Glib.Signals'
  Missing documentation for:
    Module header
    Signal (./System/Glib/Signals.chs:69)
    SignalName (./System/Glib/Signals.chs:108)
    GSignalMatchType (./System/Glib/Signals.chs:142)
    ConnectAfter (./System/Glib/Signals.chs:106)
    signalBlockMatched (./System/Glib/Signals.chs:151)
    disconnect (./System/Glib/Signals.chs:117)
    GClosure (./System/Glib/Signals.chs:208)
    connectGeneric (./System/Glib/Signals.chs:212)
   4% (  3 / 80) in 'System.Glib.Properties'
  Missing documentation for:
    objectSetPropertyInt (./System/Glib/Properties.chs:148)
    objectGetPropertyInt (./System/Glib/Properties.chs:151)
    objectSetPropertyUInt (./System/Glib/Properties.chs:154)
    objectGetPropertyUInt (./System/Glib/Properties.chs:157)
    objectSetPropertyInt64 (./System/Glib/Properties.chs:160)
    objectGetPropertyInt64 (./System/Glib/Properties.chs:163)
    objectSetPropertyUInt64 (./System/Glib/Properties.chs:166)
    objectGetPropertyUInt64 (./System/Glib/Properties.chs:169)
    objectSetPropertyChar (./System/Glib/Properties.chs:172)
    objectGetPropertyChar (./System/Glib/Properties.chs:175)
    objectSetPropertyBool (./System/Glib/Properties.chs:178)
    objectGetPropertyBool (./System/Glib/Properties.chs:181)
    objectSetPropertyEnum (./System/Glib/Properties.chs:184)
    objectGetPropertyEnum (./System/Glib/Properties.chs:187)
    objectSetPropertyFlags (./System/Glib/Properties.chs:190)
    objectGetPropertyFlags (./System/Glib/Properties.chs:193)
    objectSetPropertyFloat (./System/Glib/Properties.chs:196)
    objectGetPropertyFloat (./System/Glib/Properties.chs:199)
    objectSetPropertyDouble (./System/Glib/Properties.chs:202)
    objectGetPropertyDouble (./System/Glib/Properties.chs:205)
    objectSetPropertyString (./System/Glib/Properties.chs:208)
    objectGetPropertyString (./System/Glib/Properties.chs:211)
    objectSetPropertyMaybeString (./System/Glib/Properties.chs:214)
    objectGetPropertyMaybeString (./System/Glib/Properties.chs:217)
    objectSetPropertyFilePath (./System/Glib/Properties.chs:220)
    objectGetPropertyFilePath (./System/Glib/Properties.chs:223)
    objectSetPropertyMaybeFilePath (./System/Glib/Properties.chs:226)
    objectGetPropertyMaybeFilePath (./System/Glib/Properties.chs:229)
    objectSetPropertyBoxedOpaque (./System/Glib/Properties.chs:232)
    objectGetPropertyBoxedOpaque (./System/Glib/Properties.chs:235)
    objectSetPropertyBoxedStorable (./System/Glib/Properties.chs:238)
    objectGetPropertyBoxedStorable (./System/Glib/Properties.chs:241)
    objectSetPropertyGObject (./System/Glib/Properties.chs:244)
    objectGetPropertyGObject (./System/Glib/Properties.chs:247)
    newAttrFromIntProperty (./System/Glib/Properties.chs:261)
    readAttrFromIntProperty (./System/Glib/Properties.chs:265)
    newAttrFromUIntProperty (./System/Glib/Properties.chs:269)
    readAttrFromUIntProperty (./System/Glib/Properties.chs:273)
    writeAttrFromUIntProperty (./System/Glib/Properties.chs:285)
    newAttrFromCharProperty (./System/Glib/Properties.chs:277)
    readAttrFromCharProperty (./System/Glib/Properties.chs:281)
    newAttrFromBoolProperty (./System/Glib/Properties.chs:289)
    readAttrFromBoolProperty (./System/Glib/Properties.chs:293)
    newAttrFromFloatProperty (./System/Glib/Properties.chs:297)
    readAttrFromFloatProperty (./System/Glib/Properties.chs:301)
    newAttrFromDoubleProperty (./System/Glib/Properties.chs:305)
    readAttrFromDoubleProperty (./System/Glib/Properties.chs:309)
    newAttrFromEnumProperty (./System/Glib/Properties.chs:313)
    readAttrFromEnumProperty (./System/Glib/Properties.chs:317)
    writeAttrFromEnumProperty (./System/Glib/Properties.chs:321)
    newAttrFromFlagsProperty (./System/Glib/Properties.chs:325)
    readAttrFromFlagsProperty (./System/Glib/Properties.chs:329)
    newAttrFromStringProperty (./System/Glib/Properties.chs:333)
    readAttrFromStringProperty (./System/Glib/Properties.chs:337)
    writeAttrFromStringProperty (./System/Glib/Properties.chs:341)
    newAttrFromMaybeStringProperty (./System/Glib/Properties.chs:345)
    readAttrFromMaybeStringProperty (./System/Glib/Properties.chs:349)
    writeAttrFromMaybeStringProperty (./System/Glib/Properties.chs:353)
    newAttrFromFilePathProperty (./System/Glib/Properties.chs:357)
    readAttrFromFilePathProperty (./System/Glib/Properties.chs:361)
    writeAttrFromFilePathProperty (./System/Glib/Properties.chs:365)
    newAttrFromMaybeFilePathProperty (./System/Glib/Properties.chs:369)
    readAttrFromMaybeFilePathProperty (./System/Glib/Properties.chs:373)
    writeAttrFromMaybeFilePathProperty (./System/Glib/Properties.chs:377)
    newAttrFromBoxedOpaqueProperty (./System/Glib/Properties.chs:381)
    readAttrFromBoxedOpaqueProperty (./System/Glib/Properties.chs:385)
    writeAttrFromBoxedOpaqueProperty (./System/Glib/Properties.chs:389)
    newAttrFromBoxedStorableProperty (./System/Glib/Properties.chs:393)
    readAttrFromBoxedStorableProperty (./System/Glib/Properties.chs:397)
    newAttrFromObjectProperty (./System/Glib/Properties.chs:401)
    readAttrFromObjectProperty (./System/Glib/Properties.chs:409)
    writeAttrFromObjectProperty (./System/Glib/Properties.chs:405)
    newAttrFromMaybeObjectProperty (./System/Glib/Properties.chs:413)
    readAttrFromMaybeObjectProperty (./System/Glib/Properties.chs:421)
    writeAttrFromMaybeObjectProperty (./System/Glib/Properties.chs:417)
    objectGetPropertyInternal (./System/Glib/Properties.chs:137)
    objectSetPropertyInternal (./System/Glib/Properties.chs:126)
  90% (  9 / 10) in 'System.Glib'
  Missing documentation for:
    Module header
Warning: System.Glib.UTFString: could not find link destinations for:
    ~
Warning: System.Glib.GError: could not find link destinations for:
    GQuark
Warning: System.Glib.MainLoop: could not find link destinations for:
    FD
Documentation created:
.stack-work/dist/x86_64-linux-nopie/Cabal-1.24.2.0/doc/html/glib/index.html
Installing library in
/home/bemcho/.stack/snapshots/x86_64-linux-nopie/lts-9.6/8.0.2/lib/x86_64-linux-ghc-8.0.2/glib-0.13.4.1-BfGftB7kI99HOyeLhl8W2s
Registering glib-0.13.4.1...
