Configuring hw-kafka-client-2.0.1...
Building hw-kafka-client-2.0.1...
Preprocessing library hw-kafka-client-2.0.1...
[ 1 of 17] Compiling Kafka.Internal.RdKafka ( .stack-work/dist/x86_64-linux-nopie/Cabal-1.24.2.0/build/Kafka/Internal/RdKafka.hs, .stack-work/dist/x86_64-linux-nopie/Cabal-1.24.2.0/build/Kafka/Internal/RdKafka.o )
[ 2 of 17] Compiling Kafka.Types      ( src/Kafka/Types.hs, .stack-work/dist/x86_64-linux-nopie/Cabal-1.24.2.0/build/Kafka/Types.o )
[ 3 of 17] Compiling Kafka.Internal.Setup ( src/Kafka/Internal/Setup.hs, .stack-work/dist/x86_64-linux-nopie/Cabal-1.24.2.0/build/Kafka/Internal/Setup.o )
[ 4 of 17] Compiling Kafka.Internal.Shared ( src/Kafka/Internal/Shared.hs, .stack-work/dist/x86_64-linux-nopie/Cabal-1.24.2.0/build/Kafka/Internal/Shared.o )
[ 5 of 17] Compiling Kafka.Producer.Types ( src/Kafka/Producer/Types.hs, .stack-work/dist/x86_64-linux-nopie/Cabal-1.24.2.0/build/Kafka/Producer/Types.o )
[ 6 of 17] Compiling Kafka.Producer.Convert ( src/Kafka/Producer/Convert.hs, .stack-work/dist/x86_64-linux-nopie/Cabal-1.24.2.0/build/Kafka/Producer/Convert.o )
[ 7 of 17] Compiling Kafka.Internal.Dump ( src/Kafka/Internal/Dump.hs, .stack-work/dist/x86_64-linux-nopie/Cabal-1.24.2.0/build/Kafka/Internal/Dump.o )
[ 8 of 17] Compiling Kafka.Consumer.Types ( src/Kafka/Consumer/Types.hs, .stack-work/dist/x86_64-linux-nopie/Cabal-1.24.2.0/build/Kafka/Consumer/Types.o )
[ 9 of 17] Compiling Kafka.Consumer.Subscription ( src/Kafka/Consumer/Subscription.hs, .stack-work/dist/x86_64-linux-nopie/Cabal-1.24.2.0/build/Kafka/Consumer/Subscription.o )
[10 of 17] Compiling Kafka.Consumer.Convert ( src/Kafka/Consumer/Convert.hs, .stack-work/dist/x86_64-linux-nopie/Cabal-1.24.2.0/build/Kafka/Consumer/Convert.o )
[11 of 17] Compiling Kafka.Metadata   ( src/Kafka/Metadata.hs, .stack-work/dist/x86_64-linux-nopie/Cabal-1.24.2.0/build/Kafka/Metadata.o )
[12 of 17] Compiling Kafka.Callbacks  ( src/Kafka/Callbacks.hs, .stack-work/dist/x86_64-linux-nopie/Cabal-1.24.2.0/build/Kafka/Callbacks.o )
[13 of 17] Compiling Kafka.Consumer.Callbacks ( src/Kafka/Consumer/Callbacks.hs, .stack-work/dist/x86_64-linux-nopie/Cabal-1.24.2.0/build/Kafka/Consumer/Callbacks.o )
[14 of 17] Compiling Kafka.Consumer.ConsumerProperties ( src/Kafka/Consumer/ConsumerProperties.hs, .stack-work/dist/x86_64-linux-nopie/Cabal-1.24.2.0/build/Kafka/Consumer/ConsumerProperties.o )
[15 of 17] Compiling Kafka.Consumer   ( src/Kafka/Consumer.hs, .stack-work/dist/x86_64-linux-nopie/Cabal-1.24.2.0/build/Kafka/Consumer.o )
[16 of 17] Compiling Kafka.Producer.ProducerProperties ( src/Kafka/Producer/ProducerProperties.hs, .stack-work/dist/x86_64-linux-nopie/Cabal-1.24.2.0/build/Kafka/Producer/ProducerProperties.o )
[17 of 17] Compiling Kafka.Producer   ( src/Kafka/Producer.hs, .stack-work/dist/x86_64-linux-nopie/Cabal-1.24.2.0/build/Kafka/Producer.o )
Running Haddock for hw-kafka-client-2.0.1...
Preprocessing library hw-kafka-client-2.0.1...
Haddock coverage:
   0% (  0 /271) in 'Kafka.Internal.RdKafka'
  Missing documentation for:
    Module header
    CInt32T (src/Kafka/Internal/RdKafka.chs:20)
    CFilePtr (src/Kafka/Internal/RdKafka.chs:22)
    CSizePtr (src/Kafka/Internal/RdKafka.chs:23)
    Word8Ptr (src/Kafka/Internal/RdKafka.chs:25)
    CCharBufPointer (src/Kafka/Internal/RdKafka.chs:26)
    CInt64T (src/Kafka/Internal/RdKafka.chs:27)
    RdKafkaTypeT (src/Kafka/Internal/RdKafka.chs:28)
    RdKafkaConfResT (src/Kafka/Internal/RdKafka.chs:29)
    RdKafkaRespErrT (src/Kafka/Internal/RdKafka.chs:30)
    RdKafkaTimestampTypeT (src/Kafka/Internal/RdKafka.chs:31)
    RdKafkaMsgFlag (src/Kafka/Internal/RdKafka.chs:33)
     (src/Kafka/Internal/RdKafka.chs:33)
    rdKafkaMsgFlagFree (src/Kafka/Internal/RdKafka.chs:34)
    rdKafkaMsgFlagCopy (src/Kafka/Internal/RdKafka.chs:36)
    nErrorBytes (src/Kafka/Internal/RdKafka.chs:40)
    rdKafkaVersion (src/Kafka/Internal/RdKafka.chs:44)
    rdKafkaVersionStr (src/Kafka/Internal/RdKafka.chs:47)
    rdKafkaErr2str (src/Kafka/Internal/RdKafka.chs:50)
    rdKafkaErrno2err (src/Kafka/Internal/RdKafka.chs:53)
    kafkaErrnoString (src/Kafka/Internal/RdKafka.chs:57)
    RdKafkaConfT (src/Kafka/Internal/RdKafka.chs:63)
    RdKafkaConfTPtr (src/Kafka/Internal/RdKafka.chs:64)
    RdKafkaTopicConfT (src/Kafka/Internal/RdKafka.chs:66)
    RdKafkaTopicConfTPtr (src/Kafka/Internal/RdKafka.chs:67)
    RdKafkaT (src/Kafka/Internal/RdKafka.chs:69)
    RdKafkaTPtr (src/Kafka/Internal/RdKafka.chs:70)
    RdKafkaTopicPartitionT (src/Kafka/Internal/RdKafka.chs:72)
     (src/Kafka/Internal/RdKafka.chs:82)
    RdKafkaTopicPartitionTPtr (src/Kafka/Internal/RdKafka.chs:102)
    RdKafkaTopicPartitionListT (src/Kafka/Internal/RdKafka.chs:104)
    RdKafkaTopicPartitionListTPtr (src/Kafka/Internal/RdKafka.chs:110)
     (src/Kafka/Internal/RdKafka.chs:112)
    RdKafkaTopicT (src/Kafka/Internal/RdKafka.chs:124)
    RdKafkaTopicTPtr (src/Kafka/Internal/RdKafka.chs:125)
    RdKafkaMessageT (src/Kafka/Internal/RdKafka.chs:127)
     (src/Kafka/Internal/RdKafka.chs:132)
     (src/Kafka/Internal/RdKafka.chs:139)
    RdKafkaMessageTPtr (src/Kafka/Internal/RdKafka.chs:161)
    RdKafkaMetadataBrokerT (src/Kafka/Internal/RdKafka.chs:163)
    RdKafkaMetadataBrokerTPtr (src/Kafka/Internal/RdKafka.chs:169)
     (src/Kafka/Internal/RdKafka.chs:172)
    RdKafkaMetadataPartitionT (src/Kafka/Internal/RdKafka.chs:181)
     (src/Kafka/Internal/RdKafka.chs:191)
    RdKafkaMetadataPartitionTPtr (src/Kafka/Internal/RdKafka.chs:205)
    RdKafkaMetadataTopicT (src/Kafka/Internal/RdKafka.chs:207)
     (src/Kafka/Internal/RdKafka.chs:214)
    RdKafkaMetadataTopicTPtr (src/Kafka/Internal/RdKafka.chs:224)
    RdKafkaMetadataT (src/Kafka/Internal/RdKafka.chs:226)
     (src/Kafka/Internal/RdKafka.chs:234)
    RdKafkaMetadataTPtr (src/Kafka/Internal/RdKafka.chs:245)
    rdKafkaTopicPartitionListNew (src/Kafka/Internal/RdKafka.chs:249)
    rdKafkaTopicPartitionListDestroy (src/Kafka/Internal/RdKafka.chs:252)
    newRdKafkaTopicPartitionListT (src/Kafka/Internal/RdKafka.chs:255)
    rdKafkaTopicPartitionListAdd (src/Kafka/Internal/RdKafka.chs:261)
    rdKafkaTopicPartitionListAddRange (src/Kafka/Internal/RdKafka.chs:264)
    rdKafkaTopicPartitionListCopy (src/Kafka/Internal/RdKafka.chs:267)
    copyRdKafkaTopicPartitionList (src/Kafka/Internal/RdKafka.chs:270)
    rdKafkaTopicPartitionListSetOffset (src/Kafka/Internal/RdKafka.chs:276)
    RdRebalanceCallback' (src/Kafka/Internal/RdKafka.chs:281)
    RdRebalanceCallback (src/Kafka/Internal/RdKafka.chs:282)
    mkRebalanceCallback (src/Kafka/Internal/RdKafka.chs:284)
    rdKafkaConfSetRebalanceCb' (src/Kafka/Internal/RdKafka.chs:287)
    rdKafkaConfSetRebalanceCb (src/Kafka/Internal/RdKafka.chs:293)
    DeliveryCallback (src/Kafka/Internal/RdKafka.chs:300)
    mkDeliveryCallback (src/Kafka/Internal/RdKafka.chs:302)
    rdKafkaConfSetDrMsgCb' (src/Kafka/Internal/RdKafka.chs:305)
    rdKafkaConfSetDrMsgCb (src/Kafka/Internal/RdKafka.chs:308)
    ConsumeCallback (src/Kafka/Internal/RdKafka.chs:315)
    mkConsumeCallback (src/Kafka/Internal/RdKafka.chs:317)
    rdKafkaConfSetConsumeCb' (src/Kafka/Internal/RdKafka.chs:320)
    rdKafkaConfSetConsumeCb (src/Kafka/Internal/RdKafka.chs:323)
    OffsetCommitCallback' (src/Kafka/Internal/RdKafka.chs:330)
    OffsetCommitCallback (src/Kafka/Internal/RdKafka.chs:331)
    mkOffsetCommitCallback (src/Kafka/Internal/RdKafka.chs:333)
    rdKafkaConfSetOffsetCommitCb' (src/Kafka/Internal/RdKafka.chs:336)
    rdKafkaConfSetOffsetCommitCb (src/Kafka/Internal/RdKafka.chs:339)
    ErrorCallback' (src/Kafka/Internal/RdKafka.chs:347)
    ErrorCallback (src/Kafka/Internal/RdKafka.chs:348)
    mkErrorCallback (src/Kafka/Internal/RdKafka.chs:350)
    rdKafkaConfSetErrorCb' (src/Kafka/Internal/RdKafka.chs:353)
    rdKafkaConfSetErrorCb (src/Kafka/Internal/RdKafka.chs:356)
    ThrottleCallback (src/Kafka/Internal/RdKafka.chs:362)
    mkThrottleCallback (src/Kafka/Internal/RdKafka.chs:364)
    rdKafkaConfSetThrottleCb' (src/Kafka/Internal/RdKafka.chs:367)
    rdKafkaConfSetThrottleCb (src/Kafka/Internal/RdKafka.chs:370)
    LogCallback' (src/Kafka/Internal/RdKafka.chs:377)
    LogCallback (src/Kafka/Internal/RdKafka.chs:378)
    mkLogCallback (src/Kafka/Internal/RdKafka.chs:380)
    rdKafkaConfSetLogCb' (src/Kafka/Internal/RdKafka.chs:383)
    rdKafkaConfSetLogCb (src/Kafka/Internal/RdKafka.chs:386)
    StatsCallback' (src/Kafka/Internal/RdKafka.chs:395)
    StatsCallback (src/Kafka/Internal/RdKafka.chs:396)
    mkStatsCallback (src/Kafka/Internal/RdKafka.chs:398)
    rdKafkaConfSetStatsCb' (src/Kafka/Internal/RdKafka.chs:401)
    rdKafkaConfSetStatsCb (src/Kafka/Internal/RdKafka.chs:404)
    SocketCallback (src/Kafka/Internal/RdKafka.chs:411)
    mkSocketCallback (src/Kafka/Internal/RdKafka.chs:413)
    rdKafkaConfSetSocketCb' (src/Kafka/Internal/RdKafka.chs:416)
    rdKafkaConfSetSocketCb (src/Kafka/Internal/RdKafka.chs:419)
    rdKafkaConfSetOpaque (src/Kafka/Internal/RdKafka.chs:425)
    rdKafkaOpaque (src/Kafka/Internal/RdKafka.chs:428)
    rdKafkaConfSetDefaultTopicConf (src/Kafka/Internal/RdKafka.chs:431)
    PartitionerCallback (src/Kafka/Internal/RdKafka.chs:435)
    mkPartitionerCallback (src/Kafka/Internal/RdKafka.chs:444)
    rdKafkaTopicConfSetPartitionerCb' (src/Kafka/Internal/RdKafka.chs:447)
    rdKafkaTopicConfSetPartitionerCb (src/Kafka/Internal/RdKafka.chs:450)
    rdKafkaTopicPartitionAvailable (src/Kafka/Internal/RdKafka.chs:458)
    rdKafkaMsgPartitionerRandom (src/Kafka/Internal/RdKafka.chs:461)
    rdKafkaMsgPartitionerConsistent (src/Kafka/Internal/RdKafka.chs:470)
    rdKafkaMsgPartitionerConsistentRandom (src/Kafka/Internal/RdKafka.chs:479)
    rdKafkaYield (src/Kafka/Internal/RdKafka.chs:490)
    rdKafkaPausePartitions (src/Kafka/Internal/RdKafka.chs:494)
    rdKafkaResumePartitions (src/Kafka/Internal/RdKafka.chs:497)
    RdKafkaQueueT (src/Kafka/Internal/RdKafka.chs:501)
    RdKafkaQueueTPtr (src/Kafka/Internal/RdKafka.chs:502)
    rdKafkaQueueNew (src/Kafka/Internal/RdKafka.chs:504)
    rdKafkaQueueDestroy (src/Kafka/Internal/RdKafka.chs:507)
    newRdKafkaQueue (src/Kafka/Internal/RdKafka.chs:510)
    rdKafkaSubscribe (src/Kafka/Internal/RdKafka.chs:518)
    rdKafkaUnsubscribe (src/Kafka/Internal/RdKafka.chs:522)
    rdKafkaSubscription' (src/Kafka/Internal/RdKafka.chs:526)
    rdKafkaSubscription (src/Kafka/Internal/RdKafka.chs:530)
    rdKafkaConsumerPoll (src/Kafka/Internal/RdKafka.chs:538)
    pollRdKafkaConsumer (src/Kafka/Internal/RdKafka.chs:541)
    rdKafkaConsumerClose (src/Kafka/Internal/RdKafka.chs:547)
    rdKafkaPollSetConsumer (src/Kafka/Internal/RdKafka.chs:550)
    rdKafkaAssign (src/Kafka/Internal/RdKafka.chs:554)
    rdKafkaAssignment' (src/Kafka/Internal/RdKafka.chs:558)
    rdKafkaAssignment (src/Kafka/Internal/RdKafka.chs:562)
    rdKafkaCommit (src/Kafka/Internal/RdKafka.chs:570)
    rdKafkaCommitMessage (src/Kafka/Internal/RdKafka.chs:574)
    rdKafkaCommitted (src/Kafka/Internal/RdKafka.chs:578)
    rdKafkaPosition (src/Kafka/Internal/RdKafka.chs:582)
    RdKafkaGroupMemberInfoT (src/Kafka/Internal/RdKafka.chs:588)
     (src/Kafka/Internal/RdKafka.chs:597)
    RdKafkaGroupMemberInfoTPtr (src/Kafka/Internal/RdKafka.chs:617)
    RdKafkaGroupInfoT (src/Kafka/Internal/RdKafka.chs:619)
     (src/Kafka/Internal/RdKafka.chs:629)
    RdKafkaGroupInfoTPtr (src/Kafka/Internal/RdKafka.chs:651)
    RdKafkaGroupListT (src/Kafka/Internal/RdKafka.chs:653)
     (src/Kafka/Internal/RdKafka.chs:657)
    RdKafkaGroupListTPtr (src/Kafka/Internal/RdKafka.chs:667)
    rdKafkaListGroups' (src/Kafka/Internal/RdKafka.chs:669)
    rdKafkaGroupListDestroy (src/Kafka/Internal/RdKafka.chs:673)
    rdKafkaListGroups (src/Kafka/Internal/RdKafka.chs:676)
    rdKafkaMessageDestroyF (src/Kafka/Internal/RdKafka.chs:689)
    rdKafkaMessageDestroy (src/Kafka/Internal/RdKafka.chs:692)
    rdKafkaQueryWatermarkOffsets' (src/Kafka/Internal/RdKafka.chs:695)
    rdKafkaQueryWatermarkOffsets (src/Kafka/Internal/RdKafka.chs:702)
    RdKafkaTimestampTypeTPtr (src/Kafka/Internal/RdKafka.chs:709)
     (src/Kafka/Internal/RdKafka.chs:711)
    rdKafkaMessageTimestamp (src/Kafka/Internal/RdKafka.chs:717)
    rdKafkaOffsetsForTimes (src/Kafka/Internal/RdKafka.chs:720)
    rdKafkaConfNew (src/Kafka/Internal/RdKafka.chs:724)
    rdKafkaConfDestroy (src/Kafka/Internal/RdKafka.chs:727)
    rdKafkaConfDup (src/Kafka/Internal/RdKafka.chs:730)
    rdKafkaConfSet (src/Kafka/Internal/RdKafka.chs:733)
    newRdKafkaConfT (src/Kafka/Internal/RdKafka.chs:737)
    rdKafkaConfDump (src/Kafka/Internal/RdKafka.chs:743)
    rdKafkaConfDumpFree (src/Kafka/Internal/RdKafka.chs:746)
    rdKafkaConfPropertiesShow (src/Kafka/Internal/RdKafka.chs:749)
    rdKafkaTopicConfNew (src/Kafka/Internal/RdKafka.chs:753)
    rdKafkaTopicConfDup (src/Kafka/Internal/RdKafka.chs:756)
    rdKafkaTopicConfDestroy (src/Kafka/Internal/RdKafka.chs:759)
    rdKafkaTopicConfSet (src/Kafka/Internal/RdKafka.chs:762)
    newRdKafkaTopicConfT (src/Kafka/Internal/RdKafka.chs:766)
    rdKafkaTopicConfDump (src/Kafka/Internal/RdKafka.chs:772)
    rdKafkaNew (src/Kafka/Internal/RdKafka.chs:776)
    rdKafkaDestroy (src/Kafka/Internal/RdKafka.chs:780)
    newRdKafkaT (src/Kafka/Internal/RdKafka.chs:783)
    rdKafkaBrokersAdd (src/Kafka/Internal/RdKafka.chs:794)
    rdKafkaSetLogLevel (src/Kafka/Internal/RdKafka.chs:797)
    rdKafkaConsumeStartInternal (src/Kafka/Internal/RdKafka.chs:802)
    rdKafkaConsumeStart (src/Kafka/Internal/RdKafka.chs:805)
    rdKafkaConsumeStopInternal (src/Kafka/Internal/RdKafka.chs:811)
    rdKafkaSeek (src/Kafka/Internal/RdKafka.chs:814)
    rdKafkaConsume (src/Kafka/Internal/RdKafka.chs:817)
    rdKafkaConsumeBatch (src/Kafka/Internal/RdKafka.chs:820)
    rdKafkaConsumeStop (src/Kafka/Internal/RdKafka.chs:824)
    rdKafkaOffsetStore (src/Kafka/Internal/RdKafka.chs:831)
    rdKafkaProduce (src/Kafka/Internal/RdKafka.chs:837)
    rdKafkaProduceBatch (src/Kafka/Internal/RdKafka.chs:842)
    rdKafkaMetadata' (src/Kafka/Internal/RdKafka.chs:848)
    rdKafkaMetadataDestroy (src/Kafka/Internal/RdKafka.chs:853)
    rdKafkaMetadata (src/Kafka/Internal/RdKafka.chs:856)
    rdKafkaPoll (src/Kafka/Internal/RdKafka.chs:864)
    rdKafkaOutqLen (src/Kafka/Internal/RdKafka.chs:867)
    rdKafkaDump (src/Kafka/Internal/RdKafka.chs:870)
    rdKafkaTopicName (src/Kafka/Internal/RdKafka.chs:874)
    rdKafkaTopicNew (src/Kafka/Internal/RdKafka.chs:877)
    rdKafkaTopicDestroy (src/Kafka/Internal/RdKafka.chs:880)
    destroyUnmanagedRdKafkaTopic (src/Kafka/Internal/RdKafka.chs:883)
    rdKafkaTopicDestroy' (src/Kafka/Internal/RdKafka.chs:887)
    newUnmanagedRdKafkaTopicT (src/Kafka/Internal/RdKafka.chs:890)
    newRdKafkaTopicT (src/Kafka/Internal/RdKafka.chs:898)
    enumToCInt (src/Kafka/Internal/RdKafka.chs:905)
    cIntToEnum (src/Kafka/Internal/RdKafka.chs:909)
    cIntConv (src/Kafka/Internal/RdKafka.chs:913)
    boolToCInt (src/Kafka/Internal/RdKafka.chs:917)
    peekInt64Conv (src/Kafka/Internal/RdKafka.chs:922)
    peekPtr (src/Kafka/Internal/RdKafka.chs:926)
    fdopen (src/Kafka/Internal/RdKafka.chs:932)
    handleToCFile (src/Kafka/Internal/RdKafka.chs:934)
    c_stdin (src/Kafka/Internal/RdKafka.chs:940)
    c_stdout (src/Kafka/Internal/RdKafka.chs:942)
    c_stderr (src/Kafka/Internal/RdKafka.chs:944)
    rdKafkaVersion'_ (src/Kafka/Internal/RdKafka.chs:947)
    rdKafkaVersionStr'_ (src/Kafka/Internal/RdKafka.chs:950)
    rdKafkaErr2str'_ (src/Kafka/Internal/RdKafka.chs:953)
    rdKafkaErrno2err'_ (src/Kafka/Internal/RdKafka.chs:956)
    rdKafkaTopicPartitionListNew'_ (src/Kafka/Internal/RdKafka.chs:959)
    rdKafkaTopicPartitionListAdd'_ (src/Kafka/Internal/RdKafka.chs:962)
    rdKafkaTopicPartitionListAddRange'_ (src/Kafka/Internal/RdKafka.chs:965)
    rdKafkaTopicPartitionListCopy'_ (src/Kafka/Internal/RdKafka.chs:968)
    rdKafkaTopicPartitionListSetOffset'_ (src/Kafka/Internal/RdKafka.chs:971)
    rdKafkaConfSetOpaque'_ (src/Kafka/Internal/RdKafka.chs:974)
    rdKafkaOpaque'_ (src/Kafka/Internal/RdKafka.chs:977)
    rdKafkaConfSetDefaultTopicConf'_ (src/Kafka/Internal/RdKafka.chs:980)
    rdKafkaTopicPartitionAvailable'_ (src/Kafka/Internal/RdKafka.chs:983)
    rdKafkaMsgPartitionerRandom'_ (src/Kafka/Internal/RdKafka.chs:986)
    rdKafkaMsgPartitionerConsistent'_ (src/Kafka/Internal/RdKafka.chs:989)
    rdKafkaMsgPartitionerConsistentRandom'_ (src/Kafka/Internal/RdKafka.chs:992)
    rdKafkaYield'_ (src/Kafka/Internal/RdKafka.chs:995)
    rdKafkaPausePartitions'_ (src/Kafka/Internal/RdKafka.chs:998)
    rdKafkaResumePartitions'_ (src/Kafka/Internal/RdKafka.chs:1001)
    rdKafkaQueueNew'_ (src/Kafka/Internal/RdKafka.chs:1004)
    rdKafkaSubscribe'_ (src/Kafka/Internal/RdKafka.chs:1007)
    rdKafkaUnsubscribe'_ (src/Kafka/Internal/RdKafka.chs:1010)
    rdKafkaSubscription''_ (src/Kafka/Internal/RdKafka.chs:1013)
    rdKafkaConsumerPoll'_ (src/Kafka/Internal/RdKafka.chs:1016)
    rdKafkaConsumerClose'_ (src/Kafka/Internal/RdKafka.chs:1019)
    rdKafkaPollSetConsumer'_ (src/Kafka/Internal/RdKafka.chs:1022)
    rdKafkaAssign'_ (src/Kafka/Internal/RdKafka.chs:1025)
    rdKafkaAssignment''_ (src/Kafka/Internal/RdKafka.chs:1028)
    rdKafkaCommit'_ (src/Kafka/Internal/RdKafka.chs:1031)
    rdKafkaCommitMessage'_ (src/Kafka/Internal/RdKafka.chs:1034)
    rdKafkaCommitted'_ (src/Kafka/Internal/RdKafka.chs:1037)
    rdKafkaPosition'_ (src/Kafka/Internal/RdKafka.chs:1040)
    rdKafkaListGroups''_ (src/Kafka/Internal/RdKafka.chs:1043)
    rdKafkaQueryWatermarkOffsets''_ (src/Kafka/Internal/RdKafka.chs:1046)
    rdKafkaMessageTimestamp'_ (src/Kafka/Internal/RdKafka.chs:1049)
    rdKafkaOffsetsForTimes'_ (src/Kafka/Internal/RdKafka.chs:1052)
    rdKafkaConfNew'_ (src/Kafka/Internal/RdKafka.chs:1055)
    rdKafkaConfDup'_ (src/Kafka/Internal/RdKafka.chs:1058)
    rdKafkaConfSet'_ (src/Kafka/Internal/RdKafka.chs:1061)
    rdKafkaConfDump'_ (src/Kafka/Internal/RdKafka.chs:1064)
    rdKafkaConfDumpFree'_ (src/Kafka/Internal/RdKafka.chs:1067)
    rdKafkaConfPropertiesShow'_ (src/Kafka/Internal/RdKafka.chs:1070)
    rdKafkaTopicConfNew'_ (src/Kafka/Internal/RdKafka.chs:1073)
    rdKafkaTopicConfDup'_ (src/Kafka/Internal/RdKafka.chs:1076)
    rdKafkaTopicConfSet'_ (src/Kafka/Internal/RdKafka.chs:1079)
    rdKafkaTopicConfDump'_ (src/Kafka/Internal/RdKafka.chs:1082)
    rdKafkaNew'_ (src/Kafka/Internal/RdKafka.chs:1085)
    rdKafkaBrokersAdd'_ (src/Kafka/Internal/RdKafka.chs:1088)
    rdKafkaSetLogLevel'_ (src/Kafka/Internal/RdKafka.chs:1091)
    rdKafkaConsumeStartInternal'_ (src/Kafka/Internal/RdKafka.chs:1094)
    rdKafkaConsumeStopInternal'_ (src/Kafka/Internal/RdKafka.chs:1097)
    rdKafkaSeek'_ (src/Kafka/Internal/RdKafka.chs:1100)
    rdKafkaConsume'_ (src/Kafka/Internal/RdKafka.chs:1103)
    rdKafkaConsumeBatch'_ (src/Kafka/Internal/RdKafka.chs:1106)
    rdKafkaOffsetStore'_ (src/Kafka/Internal/RdKafka.chs:1109)
    rdKafkaProduce'_ (src/Kafka/Internal/RdKafka.chs:1112)
    rdKafkaProduceBatch'_ (src/Kafka/Internal/RdKafka.chs:1115)
    rdKafkaMetadata''_ (src/Kafka/Internal/RdKafka.chs:1118)
    rdKafkaPoll'_ (src/Kafka/Internal/RdKafka.chs:1121)
    rdKafkaOutqLen'_ (src/Kafka/Internal/RdKafka.chs:1124)
    rdKafkaDump'_ (src/Kafka/Internal/RdKafka.chs:1127)
    rdKafkaTopicName'_ (src/Kafka/Internal/RdKafka.chs:1130)
    rdKafkaTopicNew'_ (src/Kafka/Internal/RdKafka.chs:1133)
    rdKafkaTopicDestroy'_ (src/Kafka/Internal/RdKafka.chs:1136)
  22% (  5 / 23) in 'Kafka.Types'
  Missing documentation for:
    Module header
    HasKafka (src/Kafka/Types.hs:11)
    HasKafkaConf (src/Kafka/Types.hs:14)
    BrokerId (src/Kafka/Types.hs:17)
    Kafka (src/Kafka/Types.hs:21)
    KafkaConf (src/Kafka/Types.hs:22)
    TopicConf (src/Kafka/Types.hs:23)
    PartitionId (src/Kafka/Types.hs:25)
    Millis (src/Kafka/Types.hs:26)
    ClientId (src/Kafka/Types.hs:27)
     (src/Kafka/Types.hs:29)
     (src/Kafka/Types.hs:33)
     (src/Kafka/Types.hs:59)
     (src/Kafka/Types.hs:91)
    KafkaDebug (src/Kafka/Types.hs:93)
    kafkaDebugToString (src/Kafka/Types.hs:108)
    KafkaCompressionCodec (src/Kafka/Types.hs:123)
    kafkaCompressionCodecToString (src/Kafka/Types.hs:130)
   0% (  0 / 12) in 'Kafka.Internal.Setup'
  Missing documentation for:
    Module header
    KafkaProps (src/Kafka/Internal/Setup.hs:14)
    TopicProps (src/Kafka/Internal/Setup.hs:15)
    newTopicConf (src/Kafka/Internal/Setup.hs:17)
    newKafkaConf (src/Kafka/Internal/Setup.hs:20)
    kafkaConf (src/Kafka/Internal/Setup.hs:23)
    topicConf (src/Kafka/Internal/Setup.hs:29)
    checkConfSetValue (src/Kafka/Internal/Setup.hs:35)
    setKafkaConfValue (src/Kafka/Internal/Setup.hs:45)
    setAllKafkaConfValues (src/Kafka/Internal/Setup.hs:51)
    setTopicConfValue (src/Kafka/Internal/Setup.hs:54)
    setAllTopicConfValues (src/Kafka/Internal/Setup.hs:60)
   0% (  0 /  9) in 'Kafka.Internal.Shared'
  Missing documentation for:
    Module header
    word8PtrToBS (src/Kafka/Internal/Shared.hs:11)
    kafkaRespErr (src/Kafka/Internal/Shared.hs:15)
    throwOnError (src/Kafka/Internal/Shared.hs:19)
    hasError (src/Kafka/Internal/Shared.hs:26)
    rdKafkaErrorToEither (src/Kafka/Internal/Shared.hs:32)
    kafkaErrorToEither (src/Kafka/Internal/Shared.hs:38)
    kafkaErrorToMaybe (src/Kafka/Internal/Shared.hs:44)
    maybeToLeft (src/Kafka/Internal/Shared.hs:50)
  33% (  2 /  6) in 'Kafka.Producer.Types'
  Missing documentation for:
    Module header
     (src/Kafka/Producer/Types.hs:17)
     (src/Kafka/Producer/Types.hs:21)
    ProducePartition (src/Kafka/Producer/Types.hs:33)
   0% (  0 /  5) in 'Kafka.Producer.Convert'
  Missing documentation for:
    Module header
    copyMsgFlags (src/Kafka/Producer/Convert.hs:11)
    producePartitionInt (src/Kafka/Producer/Convert.hs:15)
    producePartitionCInt (src/Kafka/Producer/Convert.hs:20)
    handleProduceErr (src/Kafka/Producer/Convert.hs:24)
  44% (  4 /  9) in 'Kafka.Internal.Dump'
  Missing documentation for:
    Module header
    dumpTopicConf (src/Kafka/Internal/Dump.hs:30)
    dumpKafkaConf (src/Kafka/Internal/Dump.hs:33)
    parseDump (src/Kafka/Internal/Dump.hs:36)
    listToTuple (src/Kafka/Internal/Dump.hs:47)
  17% (  5 / 30) in 'Kafka.Consumer.Types'
  Missing documentation for:
    Module header
    KafkaConsumer (src/Kafka/Consumer/Types.hs:14)
     (src/Kafka/Consumer/Types.hs:16)
     (src/Kafka/Consumer/Types.hs:20)
    ConsumerGroupId (src/Kafka/Consumer/Types.hs:24)
    Offset (src/Kafka/Consumer/Types.hs:25)
    OffsetReset (src/Kafka/Consumer/Types.hs:26)
    SubscribedPartitions (src/Kafka/Consumer/Types.hs:28)
    Timestamp (src/Kafka/Consumer/Types.hs:33)
     (src/Kafka/Consumer/Types.hs:74)
     (src/Kafka/Consumer/Types.hs:78)
     (src/Kafka/Consumer/Types.hs:82)
     (src/Kafka/Consumer/Types.hs:86)
     (src/Kafka/Consumer/Types.hs:90)
     (src/Kafka/Consumer/Types.hs:94)
    crMapKey (src/Kafka/Consumer/Types.hs:98)
    crMapValue (src/Kafka/Consumer/Types.hs:102)
    crMapKV (src/Kafka/Consumer/Types.hs:106)
    sequenceFirst (src/Kafka/Consumer/Types.hs:110)
    traverseFirst (src/Kafka/Consumer/Types.hs:114)
    traverseFirstM (src/Kafka/Consumer/Types.hs:121)
    traverseM (src/Kafka/Consumer/Types.hs:128)
    bitraverseM (src/Kafka/Consumer/Types.hs:135)
    PartitionOffset (src/Kafka/Consumer/Types.hs:143)
    CommitPartitionOffset (src/Kafka/Consumer/Types.hs:151)
   0% (  0 /  7) in 'Kafka.Consumer.Subscription'
  Missing documentation for:
    Module header
    Subscription (src/Kafka/Consumer/Subscription.hs:11)
     (src/Kafka/Consumer/Subscription.hs:13)
    topics (src/Kafka/Consumer/Subscription.hs:20)
    offsetReset (src/Kafka/Consumer/Subscription.hs:23)
    autoCommit (src/Kafka/Consumer/Subscription.hs:30)
    extraSubscriptionProps (src/Kafka/Consumer/Subscription.hs:37)
   8% (  1 / 13) in 'Kafka.Consumer.Convert'
  Missing documentation for:
    Module header
    offsetToInt64 (src/Kafka/Consumer/Convert.hs:32)
    int64ToOffset (src/Kafka/Consumer/Convert.hs:41)
    fromNativeTopicPartitionList'' (src/Kafka/Consumer/Convert.hs:50)
    fromNativeTopicPartitionList' (src/Kafka/Consumer/Convert.hs:54)
    fromNativeTopicPartitionList (src/Kafka/Consumer/Convert.hs:57)
    toNativeTopicPartitionList (src/Kafka/Consumer/Convert.hs:72)
    toNativeTopicPartitionList' (src/Kafka/Consumer/Convert.hs:83)
    topicPartitionFromMessage (src/Kafka/Consumer/Convert.hs:90)
    toMap (src/Kafka/Consumer/Convert.hs:95)
    fromMessagePtr (src/Kafka/Consumer/Convert.hs:98)
    offsetCommitToBool (src/Kafka/Consumer/Convert.hs:142)
  45% ( 10 / 22) in 'Kafka.Metadata'
  Missing documentation for:
    Module header
    KafkaMetadata (src/Kafka/Metadata.hs:30)
    BrokerMetadata (src/Kafka/Metadata.hs:36)
    TopicMetadata (src/Kafka/Metadata.hs:50)
    PartitionMetadata (src/Kafka/Metadata.hs:42)
    WatermarkOffsets (src/Kafka/Metadata.hs:56)
    GroupMemberId (src/Kafka/Metadata.hs:63)
    GroupMemberInfo (src/Kafka/Metadata.hs:64)
    GroupProtocolType (src/Kafka/Metadata.hs:72)
    GroupProtocol (src/Kafka/Metadata.hs:73)
    GroupState (src/Kafka/Metadata.hs:74)
    GroupInfo (src/Kafka/Metadata.hs:82)
   0% (  0 /  3) in 'Kafka.Callbacks'
  Missing documentation for:
    Module header
    errorCallback (src/Kafka/Callbacks.hs:10)
    logCallback (src/Kafka/Callbacks.hs:16)
Warning: Kafka.Consumer.Callbacks: Could not find documentation for exported module: X
  67% (  2 /  3) in 'Kafka.Consumer.Callbacks'
  Missing documentation for:
    Module header
  65% ( 11 / 17) in 'Kafka.Consumer.ConsumerProperties'
  Missing documentation for:
    Module header
     (src/Kafka/Consumer/ConsumerProperties.hs:24)
    brokersList (src/Kafka/Consumer/ConsumerProperties.hs:29)
    clientId (src/Kafka/Consumer/ConsumerProperties.hs:44)
    setCallback (src/Kafka/Consumer/ConsumerProperties.hs:48)
    queuedMaxMessagesKBytes (src/Kafka/Consumer/ConsumerProperties.hs:89)
Warning: Kafka.Consumer: Could not find documentation for exported module: X
  78% ( 14 / 18) in 'Kafka.Consumer'
  Missing documentation for:
    Module header
    seek (src/Kafka/Consumer.hs:150)
    PartitionOffset (src/Kafka/Consumer/Types.hs:143)
    RdKafkaRespErrT (src/Kafka/Internal/RdKafka.chs:30)
  43% (  6 / 14) in 'Kafka.Producer.ProducerProperties'
  Missing documentation for:
    Module header
     (src/Kafka/Producer/ProducerProperties.hs:22)
    brokersList (src/Kafka/Producer/ProducerProperties.hs:27)
    setCallback (src/Kafka/Producer/ProducerProperties.hs:32)
    compression (src/Kafka/Producer/ProducerProperties.hs:40)
    topicCompression (src/Kafka/Producer/ProducerProperties.hs:44)
    errorCallback (src/Kafka/Callbacks.hs:10)
    logCallback (src/Kafka/Callbacks.hs:16)
Warning: Kafka.Producer: Could not find documentation for exported module: X
  75% (  6 /  8) in 'Kafka.Producer'
  Missing documentation for:
    Module header
    RdKafkaRespErrT (src/Kafka/Internal/RdKafka.chs:30)
Warning: Kafka.Types: could not find link destinations for:
    RdKafkaTPtr RdKafkaConfTPtr RdKafkaTopicConfTPtr
Documentation created:
.stack-work/dist/x86_64-linux-nopie/Cabal-1.24.2.0/doc/html/hw-kafka-client/index.html
Installing library in
/home/bemcho/Projects/HaskellProjects/KafkaConsumerProducerTool/.stack-work/install/x86_64-linux-nopie/lts-9.6/8.0.2/lib/x86_64-linux-ghc-8.0.2/hw-kafka-client-2.0.1-1a6yT0aaJWEDoGh8lBI9IG
Registering hw-kafka-client-2.0.1...
